{"/Users/bollain/Documents/CPSC 410/inukshuk/server/index.js":{"path":"/Users/bollain/Documents/CPSC 410/inukshuk/server/index.js","s":{"1":1,"2":1,"3":1,"4":1,"5":1,"6":1,"7":1,"8":1,"9":1,"10":1,"11":1,"12":1,"13":1,"14":1,"15":1,"16":1,"17":1,"18":1,"19":1,"20":1,"21":1,"22":1,"23":1,"24":1},"b":{},"f":{"1":1,"2":1},"fnMap":{"1":{"name":"(anonymous_1)","line":29,"loc":{"start":{"line":29,"column":46},"end":{"line":29,"column":68}}},"2":{"name":"(anonymous_2)","line":43,"loc":{"start":{"line":43,"column":44},"end":{"line":43,"column":56}}}},"statementMap":{"1":{"start":{"line":3,"column":0},"end":{"line":3,"column":30}},"2":{"start":{"line":4,"column":0},"end":{"line":4,"column":26}},"3":{"start":{"line":5,"column":0},"end":{"line":5,"column":43}},"4":{"start":{"line":6,"column":0},"end":{"line":6,"column":31}},"5":{"start":{"line":7,"column":0},"end":{"line":7,"column":22}},"6":{"start":{"line":8,"column":0},"end":{"line":8,"column":21}},"7":{"start":{"line":9,"column":0},"end":{"line":9,"column":30}},"8":{"start":{"line":10,"column":0},"end":{"line":10,"column":34}},"9":{"start":{"line":11,"column":0},"end":{"line":11,"column":33}},"10":{"start":{"line":13,"column":0},"end":{"line":13,"column":29}},"11":{"start":{"line":14,"column":0},"end":{"line":14,"column":15}},"12":{"start":{"line":15,"column":0},"end":{"line":15,"column":31}},"13":{"start":{"line":18,"column":0},"end":{"line":22,"column":1}},"14":{"start":{"line":25,"column":0},"end":{"line":25,"column":56}},"15":{"start":{"line":26,"column":0},"end":{"line":26,"column":38}},"16":{"start":{"line":29,"column":0},"end":{"line":47,"column":2}},"17":{"start":{"line":31,"column":2},"end":{"line":31,"column":39}},"18":{"start":{"line":34,"column":2},"end":{"line":34,"column":40}},"19":{"start":{"line":37,"column":2},"end":{"line":37,"column":44}},"20":{"start":{"line":40,"column":2},"end":{"line":40,"column":33}},"21":{"start":{"line":43,"column":2},"end":{"line":46,"column":4}},"22":{"start":{"line":44,"column":4},"end":{"line":44,"column":100}},"23":{"start":{"line":45,"column":4},"end":{"line":45,"column":82}},"24":{"start":{"line":49,"column":0},"end":{"line":49,"column":20}}},"branchMap":{}},"/Users/bollain/Documents/CPSC 410/inukshuk/server/models/User.js":{"path":"/Users/bollain/Documents/CPSC 410/inukshuk/server/models/User.js","s":{"1":1,"2":1,"3":1,"4":1,"5":1,"6":1,"7":1,"8":1,"9":1,"10":1,"11":12,"12":1,"13":12,"14":1,"15":1,"16":0,"17":0,"18":1,"19":10,"20":10,"21":10,"22":10,"23":10,"24":1,"25":1,"26":1,"27":1},"b":{"1":[10,0]},"f":{"1":12,"2":12,"3":0,"4":10},"fnMap":{"1":{"name":"(anonymous_1)","line":17,"loc":{"start":{"line":17,"column":20},"end":{"line":17,"column":43}}},"2":{"name":"(anonymous_2)","line":21,"loc":{"start":{"line":21,"column":20},"end":{"line":21,"column":37}}},"3":{"name":"(anonymous_3)","line":48,"loc":{"start":{"line":48,"column":32},"end":{"line":48,"column":50}}},"4":{"name":"(anonymous_4)","line":55,"loc":{"start":{"line":55,"column":23},"end":{"line":55,"column":39}}}},"statementMap":{"1":{"start":{"line":1,"column":0},"end":{"line":1,"column":34}},"2":{"start":{"line":2,"column":0},"end":{"line":2,"column":28}},"3":{"start":{"line":3,"column":0},"end":{"line":3,"column":54}},"4":{"start":{"line":4,"column":0},"end":{"line":4,"column":51}},"5":{"start":{"line":5,"column":0},"end":{"line":5,"column":36}},"6":{"start":{"line":6,"column":0},"end":{"line":6,"column":30}},"7":{"start":{"line":8,"column":0},"end":{"line":8,"column":57}},"8":{"start":{"line":13,"column":0},"end":{"line":13,"column":36}},"9":{"start":{"line":15,"column":0},"end":{"line":15,"column":20}},"10":{"start":{"line":17,"column":0},"end":{"line":19,"column":1}},"11":{"start":{"line":18,"column":2},"end":{"line":18,"column":53}},"12":{"start":{"line":21,"column":0},"end":{"line":23,"column":1}},"13":{"start":{"line":22,"column":2},"end":{"line":22,"column":33}},"14":{"start":{"line":25,"column":0},"end":{"line":46,"column":2}},"15":{"start":{"line":48,"column":0},"end":{"line":51,"column":1}},"16":{"start":{"line":49,"column":2},"end":{"line":49,"column":40}},"17":{"start":{"line":50,"column":2},"end":{"line":50,"column":29}},"18":{"start":{"line":55,"column":0},"end":{"line":68,"column":2}},"19":{"start":{"line":57,"column":2},"end":{"line":57,"column":30}},"20":{"start":{"line":60,"column":2},"end":{"line":60,"column":31}},"21":{"start":{"line":63,"column":2},"end":{"line":65,"column":3}},"22":{"start":{"line":64,"column":4},"end":{"line":64,"column":33}},"23":{"start":{"line":67,"column":2},"end":{"line":67,"column":8}},"24":{"start":{"line":70,"column":0},"end":{"line":70,"column":47}},"25":{"start":{"line":71,"column":0},"end":{"line":71,"column":31}},"26":{"start":{"line":72,"column":0},"end":{"line":72,"column":45}},"27":{"start":{"line":73,"column":0},"end":{"line":73,"column":21}}},"branchMap":{"1":{"line":63,"type":"if","locations":[{"start":{"line":63,"column":2},"end":{"line":63,"column":2}},{"start":{"line":63,"column":2},"end":{"line":63,"column":2}}]}}},"/Users/bollain/Documents/CPSC 410/inukshuk/server/controllers/AlertService.js":{"path":"/Users/bollain/Documents/CPSC 410/inukshuk/server/controllers/AlertService.js","s":{"1":1,"2":1,"3":1,"4":1,"5":1,"6":1,"7":0,"8":0,"9":0,"10":0,"11":1,"12":0,"13":0,"14":0,"15":0,"16":0,"17":0,"18":0,"19":1,"20":0,"21":0,"22":0,"23":0,"24":0,"25":0,"26":0,"27":0,"28":0,"29":0,"30":1,"31":0,"32":0,"33":1,"34":0,"35":0,"36":0,"37":0,"38":0,"39":1,"40":0,"41":0,"42":0,"43":0,"44":1,"45":0,"46":0,"47":1,"48":0,"49":0,"50":1,"51":0,"52":0,"53":0,"54":0,"55":0},"b":{"1":[0,0],"2":[0,0],"3":[0,0],"4":[0,0],"5":[0,0],"6":[0,0]},"f":{"1":0,"2":0,"3":0,"4":0,"5":0,"6":0,"7":0,"8":0,"9":0,"10":0,"11":0},"fnMap":{"1":{"name":"(anonymous_1)","line":17,"loc":{"start":{"line":17,"column":44},"end":{"line":17,"column":66}}},"2":{"name":"(anonymous_2)","line":28,"loc":{"start":{"line":28,"column":32},"end":{"line":28,"column":77}}},"3":{"name":"(anonymous_3)","line":33,"loc":{"start":{"line":33,"column":56},"end":{"line":33,"column":68}}},"4":{"name":"(anonymous_4)","line":42,"loc":{"start":{"line":42,"column":34},"end":{"line":42,"column":80}}},"5":{"name":"(anonymous_5)","line":58,"loc":{"start":{"line":58,"column":61},"end":{"line":58,"column":73}}},"6":{"name":"(anonymous_6)","line":72,"loc":{"start":{"line":72,"column":31},"end":{"line":72,"column":54}}},"7":{"name":"(anonymous_7)","line":77,"loc":{"start":{"line":77,"column":33},"end":{"line":77,"column":57}}},"8":{"name":"(anonymous_8)","line":101,"loc":{"start":{"line":101,"column":29},"end":{"line":101,"column":48}}},"9":{"name":"(anonymous_9)","line":110,"loc":{"start":{"line":110,"column":37},"end":{"line":110,"column":60}}},"10":{"name":"(anonymous_10)","line":115,"loc":{"start":{"line":115,"column":40},"end":{"line":115,"column":56}}},"11":{"name":"(anonymous_11)","line":121,"loc":{"start":{"line":121,"column":39},"end":{"line":121,"column":63}}}},"statementMap":{"1":{"start":{"line":3,"column":0},"end":{"line":3,"column":51}},"2":{"start":{"line":4,"column":0},"end":{"line":4,"column":40}},"3":{"start":{"line":5,"column":0},"end":{"line":5,"column":38}},"4":{"start":{"line":6,"column":0},"end":{"line":6,"column":30}},"5":{"start":{"line":8,"column":0},"end":{"line":15,"column":2}},"6":{"start":{"line":17,"column":0},"end":{"line":26,"column":1}},"7":{"start":{"line":18,"column":2},"end":{"line":21,"column":44}},"8":{"start":{"line":22,"column":2},"end":{"line":23,"column":60}},"9":{"start":{"line":24,"column":2},"end":{"line":24,"column":60}},"10":{"start":{"line":25,"column":2},"end":{"line":25,"column":56}},"11":{"start":{"line":28,"column":0},"end":{"line":40,"column":1}},"12":{"start":{"line":30,"column":2},"end":{"line":31,"column":82}},"13":{"start":{"line":32,"column":2},"end":{"line":32,"column":32}},"14":{"start":{"line":33,"column":2},"end":{"line":36,"column":4}},"15":{"start":{"line":34,"column":4},"end":{"line":34,"column":30}},"16":{"start":{"line":35,"column":4},"end":{"line":35,"column":46}},"17":{"start":{"line":37,"column":2},"end":{"line":39,"column":3}},"18":{"start":{"line":38,"column":4},"end":{"line":38,"column":40}},"19":{"start":{"line":42,"column":0},"end":{"line":70,"column":1}},"20":{"start":{"line":43,"column":2},"end":{"line":56,"column":3}},"21":{"start":{"line":57,"column":2},"end":{"line":57,"column":33}},"22":{"start":{"line":58,"column":2},"end":{"line":66,"column":4}},"23":{"start":{"line":59,"column":4},"end":{"line":59,"column":35}},"24":{"start":{"line":60,"column":4},"end":{"line":65,"column":6}},"25":{"start":{"line":61,"column":6},"end":{"line":63,"column":7}},"26":{"start":{"line":62,"column":8},"end":{"line":62,"column":33}},"27":{"start":{"line":64,"column":6},"end":{"line":64,"column":71}},"28":{"start":{"line":67,"column":2},"end":{"line":69,"column":3}},"29":{"start":{"line":68,"column":4},"end":{"line":68,"column":43}},"30":{"start":{"line":72,"column":0},"end":{"line":75,"column":1}},"31":{"start":{"line":73,"column":2},"end":{"line":73,"column":61}},"32":{"start":{"line":74,"column":2},"end":{"line":74,"column":50}},"33":{"start":{"line":77,"column":0},"end":{"line":99,"column":1}},"34":{"start":{"line":79,"column":2},"end":{"line":90,"column":3}},"35":{"start":{"line":93,"column":2},"end":{"line":98,"column":4}},"36":{"start":{"line":94,"column":4},"end":{"line":96,"column":5}},"37":{"start":{"line":95,"column":6},"end":{"line":95,"column":31}},"38":{"start":{"line":97,"column":4},"end":{"line":97,"column":69}},"39":{"start":{"line":101,"column":0},"end":{"line":108,"column":1}},"40":{"start":{"line":102,"column":2},"end":{"line":102,"column":46}},"41":{"start":{"line":104,"column":2},"end":{"line":107,"column":3}},"42":{"start":{"line":105,"column":4},"end":{"line":105,"column":42}},"43":{"start":{"line":106,"column":4},"end":{"line":106,"column":18}},"44":{"start":{"line":110,"column":0},"end":{"line":113,"column":1}},"45":{"start":{"line":111,"column":2},"end":{"line":111,"column":68}},"46":{"start":{"line":112,"column":2},"end":{"line":112,"column":48}},"47":{"start":{"line":115,"column":0},"end":{"line":119,"column":1}},"48":{"start":{"line":116,"column":2},"end":{"line":117,"column":78}},"49":{"start":{"line":118,"column":2},"end":{"line":118,"column":50}},"50":{"start":{"line":121,"column":0},"end":{"line":143,"column":1}},"51":{"start":{"line":123,"column":2},"end":{"line":134,"column":3}},"52":{"start":{"line":137,"column":2},"end":{"line":142,"column":4}},"53":{"start":{"line":138,"column":4},"end":{"line":140,"column":5}},"54":{"start":{"line":139,"column":6},"end":{"line":139,"column":31}},"55":{"start":{"line":141,"column":4},"end":{"line":141,"column":69}}},"branchMap":{"1":{"line":37,"type":"if","locations":[{"start":{"line":37,"column":2},"end":{"line":37,"column":2}},{"start":{"line":37,"column":2},"end":{"line":37,"column":2}}]},"2":{"line":61,"type":"if","locations":[{"start":{"line":61,"column":6},"end":{"line":61,"column":6}},{"start":{"line":61,"column":6},"end":{"line":61,"column":6}}]},"3":{"line":67,"type":"if","locations":[{"start":{"line":67,"column":2},"end":{"line":67,"column":2}},{"start":{"line":67,"column":2},"end":{"line":67,"column":2}}]},"4":{"line":94,"type":"if","locations":[{"start":{"line":94,"column":4},"end":{"line":94,"column":4}},{"start":{"line":94,"column":4},"end":{"line":94,"column":4}}]},"5":{"line":104,"type":"if","locations":[{"start":{"line":104,"column":2},"end":{"line":104,"column":2}},{"start":{"line":104,"column":2},"end":{"line":104,"column":2}}]},"6":{"line":138,"type":"if","locations":[{"start":{"line":138,"column":4},"end":{"line":138,"column":4}},{"start":{"line":138,"column":4},"end":{"line":138,"column":4}}]}}},"/Users/bollain/Documents/CPSC 410/inukshuk/server/utils/twilioClient.js":{"path":"/Users/bollain/Documents/CPSC 410/inukshuk/server/utils/twilioClient.js","s":{"1":1,"2":1,"3":1,"4":0,"5":0,"6":0,"7":0,"8":0},"b":{"1":[0,0]},"f":{"1":0,"2":0},"fnMap":{"1":{"name":"(anonymous_1)","line":4,"loc":{"start":{"line":4,"column":25},"end":{"line":4,"column":48}}},"2":{"name":"(anonymous_2)","line":9,"loc":{"start":{"line":9,"column":5},"end":{"line":9,"column":26}}}},"statementMap":{"1":{"start":{"line":1,"column":0},"end":{"line":1,"column":30}},"2":{"start":{"line":2,"column":0},"end":{"line":2,"column":83}},"3":{"start":{"line":4,"column":0},"end":{"line":17,"column":1}},"4":{"start":{"line":5,"column":2},"end":{"line":16,"column":4}},"5":{"start":{"line":10,"column":4},"end":{"line":15,"column":5}},"6":{"start":{"line":11,"column":6},"end":{"line":11,"column":40}},"7":{"start":{"line":12,"column":6},"end":{"line":12,"column":24}},"8":{"start":{"line":14,"column":6},"end":{"line":14,"column":38}}},"branchMap":{"1":{"line":10,"type":"if","locations":[{"start":{"line":10,"column":4},"end":{"line":10,"column":4}},{"start":{"line":10,"column":4},"end":{"line":10,"column":4}}]}}},"/Users/bollain/Documents/CPSC 410/inukshuk/server/controllers/Trips.js":{"path":"/Users/bollain/Documents/CPSC 410/inukshuk/server/controllers/Trips.js","s":{"1":1,"2":1,"3":0,"4":1,"5":0,"6":1,"7":0,"8":1,"9":0},"b":{},"f":{"1":0,"2":0,"3":0,"4":0},"fnMap":{"1":{"name":"createTrip","line":5,"loc":{"start":{"line":5,"column":28},"end":{"line":5,"column":65}}},"2":{"name":"deleteTrip","line":9,"loc":{"start":{"line":9,"column":28},"end":{"line":9,"column":65}}},"3":{"name":"getTrip","line":13,"loc":{"start":{"line":13,"column":25},"end":{"line":13,"column":59}}},"4":{"name":"updateTrip","line":17,"loc":{"start":{"line":17,"column":28},"end":{"line":17,"column":65}}}},"statementMap":{"1":{"start":{"line":3,"column":0},"end":{"line":3,"column":37}},"2":{"start":{"line":5,"column":0},"end":{"line":7,"column":1}},"3":{"start":{"line":6,"column":2},"end":{"line":6,"column":49}},"4":{"start":{"line":9,"column":0},"end":{"line":11,"column":1}},"5":{"start":{"line":10,"column":2},"end":{"line":10,"column":49}},"6":{"start":{"line":13,"column":0},"end":{"line":15,"column":1}},"7":{"start":{"line":14,"column":2},"end":{"line":14,"column":46}},"8":{"start":{"line":17,"column":0},"end":{"line":19,"column":1}},"9":{"start":{"line":18,"column":2},"end":{"line":18,"column":49}}},"branchMap":{}},"/Users/bollain/Documents/CPSC 410/inukshuk/server/controllers/TripsService.js":{"path":"/Users/bollain/Documents/CPSC 410/inukshuk/server/controllers/TripsService.js","s":{"1":1,"2":1,"3":1,"4":1,"5":0,"6":0,"7":0,"8":0,"9":0,"10":0,"11":0,"12":0,"13":0,"14":0,"15":0,"16":0,"17":0,"18":0,"19":0,"20":0,"21":0,"22":0,"23":0,"24":0,"25":0,"26":0,"27":0,"28":1,"29":0,"30":0,"31":0,"32":0,"33":0,"34":0,"35":0,"36":0,"37":0,"38":0,"39":0,"40":0,"41":0,"42":0,"43":0,"44":0,"45":0,"46":0,"47":0,"48":1,"49":0,"50":0,"51":0,"52":0,"53":0,"54":0,"55":0,"56":0,"57":0,"58":0,"59":0,"60":0,"61":0,"62":1,"63":0,"64":0,"65":0,"66":0,"67":0,"68":0,"69":0,"70":0,"71":0,"72":0,"73":0,"74":0,"75":0,"76":0,"77":0,"78":0,"79":0,"80":0,"81":0,"82":0,"83":0,"84":0,"85":0,"86":0,"87":0,"88":0,"89":0,"90":0,"91":0,"92":1,"93":0,"94":1,"95":0,"96":0,"97":1,"98":0,"99":1,"100":0,"101":1,"102":0,"103":0,"104":0,"105":1,"106":0,"107":1,"108":0,"109":0,"110":1,"111":0,"112":0,"113":1,"114":0,"115":0,"116":1,"117":0,"118":0,"119":0,"120":0,"121":0,"122":0,"123":0,"124":0,"125":0,"126":0,"127":1,"128":0,"129":0},"b":{"1":[0,0],"2":[0,0],"3":[0,0],"4":[0,0],"5":[0,0],"6":[0,0],"7":[0,0],"8":[0,0],"9":[0,0],"10":[0,0],"11":[0,0],"12":[0,0],"13":[0,0],"14":[0,0],"15":[0,0],"16":[0,0],"17":[0,0],"18":[0,0],"19":[0,0],"20":[0,0],"21":[0,0],"22":[0,0],"23":[0,0],"24":[0,0]},"f":{"1":0,"2":0,"3":0,"4":0,"5":0,"6":0,"7":0,"8":0,"9":0,"10":0,"11":0,"12":0,"13":0,"14":0,"15":0,"16":0,"17":0,"18":0,"19":0,"20":0,"21":0,"22":0,"23":0,"24":0},"fnMap":{"1":{"name":"(anonymous_1)","line":13,"loc":{"start":{"line":13,"column":21},"end":{"line":13,"column":48}}},"2":{"name":"(anonymous_2)","line":28,"loc":{"start":{"line":28,"column":24},"end":{"line":28,"column":45}}},"3":{"name":"(anonymous_3)","line":37,"loc":{"start":{"line":37,"column":19},"end":{"line":37,"column":34}}},"4":{"name":"(anonymous_4)","line":43,"loc":{"start":{"line":43,"column":18},"end":{"line":43,"column":33}}},"5":{"name":"(anonymous_5)","line":59,"loc":{"start":{"line":59,"column":21},"end":{"line":59,"column":48}}},"6":{"name":"(anonymous_6)","line":68,"loc":{"start":{"line":68,"column":24},"end":{"line":68,"column":45}}},"7":{"name":"(anonymous_7)","line":78,"loc":{"start":{"line":78,"column":33},"end":{"line":78,"column":54}}},"8":{"name":"(anonymous_8)","line":86,"loc":{"start":{"line":86,"column":18},"end":{"line":86,"column":33}}},"9":{"name":"(anonymous_9)","line":99,"loc":{"start":{"line":99,"column":18},"end":{"line":99,"column":45}}},"10":{"name":"(anonymous_10)","line":107,"loc":{"start":{"line":107,"column":27},"end":{"line":107,"column":48}}},"11":{"name":"(anonymous_11)","line":126,"loc":{"start":{"line":126,"column":21},"end":{"line":126,"column":48}}},"12":{"name":"(anonymous_12)","line":134,"loc":{"start":{"line":134,"column":31},"end":{"line":134,"column":52}}},"13":{"name":"(anonymous_13)","line":151,"loc":{"start":{"line":151,"column":16},"end":{"line":151,"column":31}}},"14":{"name":"(anonymous_14)","line":177,"loc":{"start":{"line":177,"column":30},"end":{"line":177,"column":52}}},"15":{"name":"(anonymous_15)","line":181,"loc":{"start":{"line":181,"column":21},"end":{"line":181,"column":37}}},"16":{"name":"(anonymous_16)","line":187,"loc":{"start":{"line":187,"column":25},"end":{"line":187,"column":66}}},"17":{"name":"(anonymous_17)","line":193,"loc":{"start":{"line":193,"column":23},"end":{"line":193,"column":63}}},"18":{"name":"(anonymous_18)","line":198,"loc":{"start":{"line":198,"column":19},"end":{"line":198,"column":35}}},"19":{"name":"(anonymous_19)","line":208,"loc":{"start":{"line":208,"column":29},"end":{"line":208,"column":45}}},"20":{"name":"(anonymous_20)","line":213,"loc":{"start":{"line":213,"column":19},"end":{"line":213,"column":37}}},"21":{"name":"(anonymous_21)","line":219,"loc":{"start":{"line":219,"column":26},"end":{"line":219,"column":64}}},"22":{"name":"(anonymous_22)","line":225,"loc":{"start":{"line":225,"column":33},"end":{"line":225,"column":71}}},"23":{"name":"(anonymous_23)","line":230,"loc":{"start":{"line":230,"column":18},"end":{"line":230,"column":40}}},"24":{"name":"(anonymous_24)","line":247,"loc":{"start":{"line":247,"column":24},"end":{"line":247,"column":50}}}},"statementMap":{"1":{"start":{"line":3,"column":0},"end":{"line":3,"column":36}},"2":{"start":{"line":4,"column":0},"end":{"line":4,"column":36}},"3":{"start":{"line":5,"column":0},"end":{"line":5,"column":44}},"4":{"start":{"line":13,"column":0},"end":{"line":57,"column":1}},"5":{"start":{"line":14,"column":2},"end":{"line":14,"column":30}},"6":{"start":{"line":15,"column":2},"end":{"line":15,"column":28}},"7":{"start":{"line":16,"column":2},"end":{"line":26,"column":4}},"8":{"start":{"line":28,"column":2},"end":{"line":56,"column":4}},"9":{"start":{"line":29,"column":4},"end":{"line":31,"column":5}},"10":{"start":{"line":30,"column":6},"end":{"line":30,"column":34}},"11":{"start":{"line":32,"column":4},"end":{"line":55,"column":5}},"12":{"start":{"line":33,"column":6},"end":{"line":33,"column":26}},"13":{"start":{"line":34,"column":6},"end":{"line":34,"column":47}},"14":{"start":{"line":35,"column":6},"end":{"line":35,"column":36}},"15":{"start":{"line":37,"column":6},"end":{"line":54,"column":8}},"16":{"start":{"line":38,"column":8},"end":{"line":41,"column":9}},"17":{"start":{"line":39,"column":10},"end":{"line":39,"column":31}},"18":{"start":{"line":40,"column":10},"end":{"line":40,"column":16}},"19":{"start":{"line":42,"column":8},"end":{"line":42,"column":36}},"20":{"start":{"line":43,"column":8},"end":{"line":47,"column":10}},"21":{"start":{"line":44,"column":10},"end":{"line":46,"column":11}},"22":{"start":{"line":45,"column":12},"end":{"line":45,"column":33}},"23":{"start":{"line":49,"column":8},"end":{"line":49,"column":31}},"24":{"start":{"line":50,"column":8},"end":{"line":50,"column":46}},"25":{"start":{"line":51,"column":8},"end":{"line":51,"column":36}},"26":{"start":{"line":52,"column":8},"end":{"line":52,"column":57}},"27":{"start":{"line":53,"column":8},"end":{"line":53,"column":40}},"28":{"start":{"line":59,"column":0},"end":{"line":97,"column":1}},"29":{"start":{"line":67,"column":2},"end":{"line":67,"column":32}},"30":{"start":{"line":68,"column":2},"end":{"line":96,"column":4}},"31":{"start":{"line":69,"column":4},"end":{"line":71,"column":5}},"32":{"start":{"line":70,"column":6},"end":{"line":70,"column":34}},"33":{"start":{"line":72,"column":4},"end":{"line":95,"column":5}},"34":{"start":{"line":73,"column":6},"end":{"line":73,"column":26}},"35":{"start":{"line":74,"column":6},"end":{"line":74,"column":47}},"36":{"start":{"line":75,"column":6},"end":{"line":75,"column":36}},"37":{"start":{"line":78,"column":6},"end":{"line":84,"column":8}},"38":{"start":{"line":79,"column":8},"end":{"line":81,"column":9}},"39":{"start":{"line":80,"column":10},"end":{"line":80,"column":38}},"40":{"start":{"line":82,"column":8},"end":{"line":82,"column":31}},"41":{"start":{"line":83,"column":8},"end":{"line":83,"column":19}},"42":{"start":{"line":86,"column":6},"end":{"line":94,"column":8}},"43":{"start":{"line":87,"column":8},"end":{"line":89,"column":9}},"44":{"start":{"line":88,"column":10},"end":{"line":88,"column":38}},"45":{"start":{"line":91,"column":8},"end":{"line":91,"column":30}},"46":{"start":{"line":92,"column":8},"end":{"line":92,"column":65}},"47":{"start":{"line":93,"column":8},"end":{"line":93,"column":31}},"48":{"start":{"line":99,"column":0},"end":{"line":124,"column":1}},"49":{"start":{"line":106,"column":2},"end":{"line":106,"column":32}},"50":{"start":{"line":107,"column":2},"end":{"line":123,"column":4}},"51":{"start":{"line":108,"column":4},"end":{"line":113,"column":5}},"52":{"start":{"line":109,"column":6},"end":{"line":109,"column":22}},"53":{"start":{"line":110,"column":6},"end":{"line":110,"column":26}},"54":{"start":{"line":111,"column":6},"end":{"line":111,"column":39}},"55":{"start":{"line":112,"column":6},"end":{"line":112,"column":15}},"56":{"start":{"line":115,"column":4},"end":{"line":122,"column":5}},"57":{"start":{"line":116,"column":6},"end":{"line":116,"column":26}},"58":{"start":{"line":117,"column":6},"end":{"line":117,"column":47}},"59":{"start":{"line":118,"column":6},"end":{"line":118,"column":36}},"60":{"start":{"line":120,"column":6},"end":{"line":120,"column":55}},"61":{"start":{"line":121,"column":6},"end":{"line":121,"column":35}},"62":{"start":{"line":126,"column":0},"end":{"line":175,"column":1}},"63":{"start":{"line":133,"column":2},"end":{"line":133,"column":30}},"64":{"start":{"line":134,"column":2},"end":{"line":174,"column":4}},"65":{"start":{"line":135,"column":4},"end":{"line":138,"column":5}},"66":{"start":{"line":136,"column":6},"end":{"line":136,"column":27}},"67":{"start":{"line":137,"column":6},"end":{"line":137,"column":12}},"68":{"start":{"line":139,"column":4},"end":{"line":173,"column":5}},"69":{"start":{"line":140,"column":6},"end":{"line":140,"column":26}},"70":{"start":{"line":141,"column":6},"end":{"line":141,"column":47}},"71":{"start":{"line":142,"column":6},"end":{"line":142,"column":36}},"72":{"start":{"line":144,"column":6},"end":{"line":144,"column":60}},"73":{"start":{"line":145,"column":6},"end":{"line":145,"column":66}},"74":{"start":{"line":146,"column":6},"end":{"line":146,"column":66}},"75":{"start":{"line":147,"column":6},"end":{"line":147,"column":122}},"76":{"start":{"line":148,"column":6},"end":{"line":148,"column":42}},"77":{"start":{"line":149,"column":6},"end":{"line":149,"column":57}},"78":{"start":{"line":151,"column":6},"end":{"line":172,"column":8}},"79":{"start":{"line":152,"column":8},"end":{"line":155,"column":9}},"80":{"start":{"line":153,"column":10},"end":{"line":153,"column":31}},"81":{"start":{"line":154,"column":10},"end":{"line":154,"column":16}},"82":{"start":{"line":158,"column":8},"end":{"line":162,"column":9}},"83":{"start":{"line":159,"column":10},"end":{"line":159,"column":59}},"84":{"start":{"line":160,"column":10},"end":{"line":160,"column":32}},"85":{"start":{"line":161,"column":10},"end":{"line":161,"column":74}},"86":{"start":{"line":164,"column":8},"end":{"line":167,"column":9}},"87":{"start":{"line":165,"column":10},"end":{"line":165,"column":48}},"88":{"start":{"line":166,"column":10},"end":{"line":166,"column":28}},"89":{"start":{"line":169,"column":8},"end":{"line":169,"column":36}},"90":{"start":{"line":170,"column":8},"end":{"line":170,"column":57}},"91":{"start":{"line":171,"column":8},"end":{"line":171,"column":37}},"92":{"start":{"line":177,"column":0},"end":{"line":179,"column":1}},"93":{"start":{"line":178,"column":2},"end":{"line":178,"column":53}},"94":{"start":{"line":181,"column":0},"end":{"line":184,"column":1}},"95":{"start":{"line":182,"column":2},"end":{"line":182,"column":73}},"96":{"start":{"line":183,"column":2},"end":{"line":183,"column":77}},"97":{"start":{"line":187,"column":0},"end":{"line":189,"column":1}},"98":{"start":{"line":188,"column":2},"end":{"line":188,"column":62}},"99":{"start":{"line":193,"column":0},"end":{"line":195,"column":1}},"100":{"start":{"line":194,"column":2},"end":{"line":194,"column":59}},"101":{"start":{"line":198,"column":0},"end":{"line":205,"column":1}},"102":{"start":{"line":200,"column":2},"end":{"line":200,"column":24}},"103":{"start":{"line":202,"column":2},"end":{"line":202,"column":22}},"104":{"start":{"line":204,"column":2},"end":{"line":204,"column":30}},"105":{"start":{"line":208,"column":0},"end":{"line":210,"column":1}},"106":{"start":{"line":209,"column":2},"end":{"line":209,"column":43}},"107":{"start":{"line":213,"column":0},"end":{"line":217,"column":1}},"108":{"start":{"line":215,"column":2},"end":{"line":215,"column":43}},"109":{"start":{"line":216,"column":2},"end":{"line":216,"column":45}},"110":{"start":{"line":219,"column":0},"end":{"line":222,"column":1}},"111":{"start":{"line":220,"column":2},"end":{"line":220,"column":42}},"112":{"start":{"line":221,"column":2},"end":{"line":221,"column":44}},"113":{"start":{"line":225,"column":0},"end":{"line":228,"column":1}},"114":{"start":{"line":226,"column":2},"end":{"line":226,"column":48}},"115":{"start":{"line":227,"column":2},"end":{"line":227,"column":50}},"116":{"start":{"line":230,"column":0},"end":{"line":245,"column":1}},"117":{"start":{"line":231,"column":2},"end":{"line":231,"column":18}},"118":{"start":{"line":232,"column":2},"end":{"line":241,"column":3}},"119":{"start":{"line":234,"column":4},"end":{"line":234,"column":29}},"120":{"start":{"line":235,"column":9},"end":{"line":241,"column":3}},"121":{"start":{"line":237,"column":4},"end":{"line":237,"column":39}},"122":{"start":{"line":238,"column":9},"end":{"line":241,"column":3}},"123":{"start":{"line":240,"column":4},"end":{"line":240,"column":32}},"124":{"start":{"line":242,"column":2},"end":{"line":242,"column":22}},"125":{"start":{"line":243,"column":2},"end":{"line":243,"column":35}},"126":{"start":{"line":244,"column":2},"end":{"line":244,"column":18}},"127":{"start":{"line":247,"column":0},"end":{"line":250,"column":1}},"128":{"start":{"line":248,"column":2},"end":{"line":248,"column":71}},"129":{"start":{"line":249,"column":2},"end":{"line":249,"column":22}}},"branchMap":{"1":{"line":29,"type":"if","locations":[{"start":{"line":29,"column":4},"end":{"line":29,"column":4}},{"start":{"line":29,"column":4},"end":{"line":29,"column":4}}]},"2":{"line":32,"type":"if","locations":[{"start":{"line":32,"column":4},"end":{"line":32,"column":4}},{"start":{"line":32,"column":4},"end":{"line":32,"column":4}}]},"3":{"line":38,"type":"if","locations":[{"start":{"line":38,"column":8},"end":{"line":38,"column":8}},{"start":{"line":38,"column":8},"end":{"line":38,"column":8}}]},"4":{"line":44,"type":"if","locations":[{"start":{"line":44,"column":10},"end":{"line":44,"column":10}},{"start":{"line":44,"column":10},"end":{"line":44,"column":10}}]},"5":{"line":69,"type":"if","locations":[{"start":{"line":69,"column":4},"end":{"line":69,"column":4}},{"start":{"line":69,"column":4},"end":{"line":69,"column":4}}]},"6":{"line":72,"type":"if","locations":[{"start":{"line":72,"column":4},"end":{"line":72,"column":4}},{"start":{"line":72,"column":4},"end":{"line":72,"column":4}}]},"7":{"line":79,"type":"if","locations":[{"start":{"line":79,"column":8},"end":{"line":79,"column":8}},{"start":{"line":79,"column":8},"end":{"line":79,"column":8}}]},"8":{"line":87,"type":"if","locations":[{"start":{"line":87,"column":8},"end":{"line":87,"column":8}},{"start":{"line":87,"column":8},"end":{"line":87,"column":8}}]},"9":{"line":108,"type":"if","locations":[{"start":{"line":108,"column":4},"end":{"line":108,"column":4}},{"start":{"line":108,"column":4},"end":{"line":108,"column":4}}]},"10":{"line":115,"type":"if","locations":[{"start":{"line":115,"column":4},"end":{"line":115,"column":4}},{"start":{"line":115,"column":4},"end":{"line":115,"column":4}}]},"11":{"line":135,"type":"if","locations":[{"start":{"line":135,"column":4},"end":{"line":135,"column":4}},{"start":{"line":135,"column":4},"end":{"line":135,"column":4}}]},"12":{"line":139,"type":"if","locations":[{"start":{"line":139,"column":4},"end":{"line":139,"column":4}},{"start":{"line":139,"column":4},"end":{"line":139,"column":4}}]},"13":{"line":144,"type":"binary-expr","locations":[{"start":{"line":144,"column":24},"end":{"line":144,"column":41}},{"start":{"line":144,"column":45},"end":{"line":144,"column":60}}]},"14":{"line":145,"type":"binary-expr","locations":[{"start":{"line":145,"column":26},"end":{"line":145,"column":45}},{"start":{"line":145,"column":49},"end":{"line":145,"column":66}}]},"15":{"line":146,"type":"binary-expr","locations":[{"start":{"line":146,"column":26},"end":{"line":146,"column":45}},{"start":{"line":146,"column":49},"end":{"line":146,"column":66}}]},"16":{"line":147,"type":"cond-expr","locations":[{"start":{"line":147,"column":56},"end":{"line":147,"column":98}},{"start":{"line":147,"column":101},"end":{"line":147,"column":122}}]},"17":{"line":148,"type":"binary-expr","locations":[{"start":{"line":148,"column":18},"end":{"line":148,"column":29}},{"start":{"line":148,"column":33},"end":{"line":148,"column":42}}]},"18":{"line":149,"type":"binary-expr","locations":[{"start":{"line":149,"column":23},"end":{"line":149,"column":39}},{"start":{"line":149,"column":43},"end":{"line":149,"column":57}}]},"19":{"line":152,"type":"if","locations":[{"start":{"line":152,"column":8},"end":{"line":152,"column":8}},{"start":{"line":152,"column":8},"end":{"line":152,"column":8}}]},"20":{"line":158,"type":"if","locations":[{"start":{"line":158,"column":8},"end":{"line":158,"column":8}},{"start":{"line":158,"column":8},"end":{"line":158,"column":8}}]},"21":{"line":164,"type":"if","locations":[{"start":{"line":164,"column":8},"end":{"line":164,"column":8}},{"start":{"line":164,"column":8},"end":{"line":164,"column":8}}]},"22":{"line":232,"type":"if","locations":[{"start":{"line":232,"column":2},"end":{"line":232,"column":2}},{"start":{"line":232,"column":2},"end":{"line":232,"column":2}}]},"23":{"line":235,"type":"if","locations":[{"start":{"line":235,"column":9},"end":{"line":235,"column":9}},{"start":{"line":235,"column":9},"end":{"line":235,"column":9}}]},"24":{"line":238,"type":"if","locations":[{"start":{"line":238,"column":9},"end":{"line":238,"column":9}},{"start":{"line":238,"column":9},"end":{"line":238,"column":9}}]}}},"/Users/bollain/Documents/CPSC 410/inukshuk/server/models/Trip.js":{"path":"/Users/bollain/Documents/CPSC 410/inukshuk/server/models/Trip.js","s":{"1":1,"2":1,"3":1,"4":1,"5":1,"6":1,"7":1,"8":1,"9":1,"10":1,"11":0,"12":1,"13":1,"14":0,"15":0,"16":0,"17":0,"18":0,"19":1,"20":1,"21":1,"22":1},"b":{"1":[0,0]},"f":{"1":0,"2":0},"fnMap":{"1":{"name":"(anonymous_1)","line":17,"loc":{"start":{"line":17,"column":20},"end":{"line":17,"column":43}}},"2":{"name":"(anonymous_2)","line":42,"loc":{"start":{"line":42,"column":23},"end":{"line":42,"column":39}}}},"statementMap":{"1":{"start":{"line":1,"column":0},"end":{"line":1,"column":34}},"2":{"start":{"line":2,"column":0},"end":{"line":2,"column":28}},"3":{"start":{"line":3,"column":0},"end":{"line":3,"column":54}},"4":{"start":{"line":4,"column":0},"end":{"line":4,"column":51}},"5":{"start":{"line":5,"column":0},"end":{"line":5,"column":36}},"6":{"start":{"line":6,"column":0},"end":{"line":6,"column":30}},"7":{"start":{"line":8,"column":0},"end":{"line":8,"column":57}},"8":{"start":{"line":13,"column":0},"end":{"line":13,"column":36}},"9":{"start":{"line":15,"column":0},"end":{"line":15,"column":20}},"10":{"start":{"line":17,"column":0},"end":{"line":19,"column":1}},"11":{"start":{"line":18,"column":2},"end":{"line":18,"column":53}},"12":{"start":{"line":21,"column":0},"end":{"line":40,"column":2}},"13":{"start":{"line":42,"column":0},"end":{"line":54,"column":2}},"14":{"start":{"line":44,"column":2},"end":{"line":44,"column":30}},"15":{"start":{"line":47,"column":2},"end":{"line":47,"column":31}},"16":{"start":{"line":50,"column":2},"end":{"line":52,"column":3}},"17":{"start":{"line":51,"column":4},"end":{"line":51,"column":33}},"18":{"start":{"line":53,"column":2},"end":{"line":53,"column":8}},"19":{"start":{"line":56,"column":0},"end":{"line":56,"column":47}},"20":{"start":{"line":57,"column":0},"end":{"line":57,"column":31}},"21":{"start":{"line":58,"column":0},"end":{"line":58,"column":45}},"22":{"start":{"line":59,"column":0},"end":{"line":59,"column":21}}},"branchMap":{"1":{"line":50,"type":"if","locations":[{"start":{"line":50,"column":2},"end":{"line":50,"column":2}},{"start":{"line":50,"column":2},"end":{"line":50,"column":2}}]}}},"/Users/bollain/Documents/CPSC 410/inukshuk/server/controllers/Users.js":{"path":"/Users/bollain/Documents/CPSC 410/inukshuk/server/controllers/Users.js","s":{"1":1,"2":1,"3":4,"4":1,"5":1,"6":1,"7":2,"8":1,"9":0,"10":1,"11":0,"12":1,"13":6},"b":{},"f":{"1":4,"2":1,"3":2,"4":0,"5":0,"6":6},"fnMap":{"1":{"name":"createUser","line":5,"loc":{"start":{"line":5,"column":28},"end":{"line":5,"column":65}}},"2":{"name":"deleteUser","line":9,"loc":{"start":{"line":9,"column":28},"end":{"line":9,"column":65}}},"3":{"name":"getUser","line":13,"loc":{"start":{"line":13,"column":25},"end":{"line":13,"column":59}}},"4":{"name":"getUserTrips","line":17,"loc":{"start":{"line":17,"column":30},"end":{"line":17,"column":69}}},"5":{"name":"searchTrip","line":21,"loc":{"start":{"line":21,"column":28},"end":{"line":21,"column":65}}},"6":{"name":"updateUser","line":25,"loc":{"start":{"line":25,"column":28},"end":{"line":25,"column":65}}}},"statementMap":{"1":{"start":{"line":3,"column":0},"end":{"line":3,"column":37}},"2":{"start":{"line":5,"column":0},"end":{"line":7,"column":1}},"3":{"start":{"line":6,"column":2},"end":{"line":6,"column":49}},"4":{"start":{"line":9,"column":0},"end":{"line":11,"column":1}},"5":{"start":{"line":10,"column":2},"end":{"line":10,"column":49}},"6":{"start":{"line":13,"column":0},"end":{"line":15,"column":1}},"7":{"start":{"line":14,"column":2},"end":{"line":14,"column":46}},"8":{"start":{"line":17,"column":0},"end":{"line":19,"column":1}},"9":{"start":{"line":18,"column":2},"end":{"line":18,"column":51}},"10":{"start":{"line":21,"column":0},"end":{"line":23,"column":1}},"11":{"start":{"line":22,"column":2},"end":{"line":22,"column":49}},"12":{"start":{"line":25,"column":0},"end":{"line":27,"column":1}},"13":{"start":{"line":26,"column":2},"end":{"line":26,"column":49}}},"branchMap":{}},"/Users/bollain/Documents/CPSC 410/inukshuk/server/controllers/UsersService.js":{"path":"/Users/bollain/Documents/CPSC 410/inukshuk/server/controllers/UsersService.js","s":{"1":1,"2":1,"3":1,"4":1,"5":4,"6":4,"7":4,"8":4,"9":2,"10":0,"11":0,"12":0,"13":0,"14":0,"15":2,"16":1,"17":1,"18":1,"19":1,"20":1,"21":1,"22":1,"23":1,"24":1,"25":1,"26":1,"27":0,"28":0,"29":0,"30":0,"31":2,"32":1,"33":1,"34":1,"35":1,"36":1,"37":1,"38":1,"39":1,"40":1,"41":1,"42":1,"43":0,"44":0,"45":0,"46":0,"47":1,"48":1,"49":1,"50":6,"51":6,"52":6,"53":6,"54":6,"55":1,"56":1,"57":1,"58":1,"59":5,"60":1,"61":1,"62":1,"63":1,"64":4,"65":4,"66":1,"67":1,"68":1,"69":1,"70":1,"71":3,"72":1,"73":1,"74":1,"75":1,"76":1,"77":2,"78":2,"79":1,"80":2,"81":2,"82":2,"83":2,"84":0,"85":0,"86":0,"87":0,"88":2,"89":0,"90":0,"91":0,"92":2,"93":2,"94":1,"95":0,"96":0,"97":0,"98":0,"99":0,"100":0,"101":1,"102":0,"103":0,"104":0,"105":0,"106":0,"107":0},"b":{"1":[2,2],"2":[0,2],"3":[1,1],"4":[1,0],"5":[1,1],"6":[0,1],"7":[1,5],"8":[1,4],"9":[1,3],"10":[1,2],"11":[0,2],"12":[0,2],"13":[0,0],"14":[0,0],"15":[0,0],"16":[0,0]},"f":{"1":4,"2":4,"3":1,"4":1,"5":6,"6":4,"7":2,"8":2,"9":0,"10":0},"fnMap":{"1":{"name":"(anonymous_1)","line":7,"loc":{"start":{"line":7,"column":21},"end":{"line":7,"column":48}}},"2":{"name":"(anonymous_2)","line":22,"loc":{"start":{"line":22,"column":4},"end":{"line":22,"column":34}}},"3":{"name":"(anonymous_3)","line":64,"loc":{"start":{"line":64,"column":21},"end":{"line":64,"column":48}}},"4":{"name":"(anonymous_4)","line":73,"loc":{"start":{"line":73,"column":33},"end":{"line":73,"column":48}}},"5":{"name":"(anonymous_5)","line":85,"loc":{"start":{"line":85,"column":21},"end":{"line":85,"column":48}}},"6":{"name":"(anonymous_6)","line":112,"loc":{"start":{"line":112,"column":4},"end":{"line":112,"column":25}}},"7":{"name":"(anonymous_7)","line":131,"loc":{"start":{"line":131,"column":18},"end":{"line":131,"column":45}}},"8":{"name":"(anonymous_8)","line":140,"loc":{"start":{"line":140,"column":26},"end":{"line":140,"column":47}}},"9":{"name":"(anonymous_9)","line":159,"loc":{"start":{"line":159,"column":23},"end":{"line":159,"column":50}}},"10":{"name":"(anonymous_10)","line":190,"loc":{"start":{"line":190,"column":21},"end":{"line":190,"column":48}}}},"statementMap":{"1":{"start":{"line":3,"column":0},"end":{"line":3,"column":36}},"2":{"start":{"line":4,"column":0},"end":{"line":4,"column":36}},"3":{"start":{"line":5,"column":0},"end":{"line":5,"column":20}},"4":{"start":{"line":7,"column":0},"end":{"line":62,"column":1}},"5":{"start":{"line":14,"column":2},"end":{"line":14,"column":30}},"6":{"start":{"line":15,"column":2},"end":{"line":19,"column":3}},"7":{"start":{"line":21,"column":2},"end":{"line":61,"column":6}},"8":{"start":{"line":23,"column":6},"end":{"line":50,"column":7}},"9":{"start":{"line":24,"column":8},"end":{"line":31,"column":9}},"10":{"start":{"line":26,"column":10},"end":{"line":26,"column":45}},"11":{"start":{"line":27,"column":10},"end":{"line":27,"column":30}},"12":{"start":{"line":28,"column":10},"end":{"line":28,"column":43}},"13":{"start":{"line":29,"column":10},"end":{"line":29,"column":41}},"14":{"start":{"line":30,"column":10},"end":{"line":30,"column":16}},"15":{"start":{"line":32,"column":8},"end":{"line":49,"column":9}},"16":{"start":{"line":33,"column":10},"end":{"line":33,"column":42}},"17":{"start":{"line":34,"column":10},"end":{"line":34,"column":30}},"18":{"start":{"line":35,"column":10},"end":{"line":35,"column":43}},"19":{"start":{"line":36,"column":10},"end":{"line":36,"column":34}},"20":{"start":{"line":37,"column":10},"end":{"line":37,"column":16}},"21":{"start":{"line":38,"column":15},"end":{"line":49,"column":9}},"22":{"start":{"line":39,"column":10},"end":{"line":39,"column":44}},"23":{"start":{"line":40,"column":10},"end":{"line":40,"column":30}},"24":{"start":{"line":41,"column":10},"end":{"line":41,"column":43}},"25":{"start":{"line":42,"column":10},"end":{"line":42,"column":55}},"26":{"start":{"line":43,"column":10},"end":{"line":43,"column":16}},"27":{"start":{"line":45,"column":10},"end":{"line":45,"column":30}},"28":{"start":{"line":46,"column":10},"end":{"line":46,"column":43}},"29":{"start":{"line":47,"column":10},"end":{"line":47,"column":19}},"30":{"start":{"line":48,"column":10},"end":{"line":48,"column":16}},"31":{"start":{"line":51,"column":6},"end":{"line":60,"column":7}},"32":{"start":{"line":52,"column":8},"end":{"line":52,"column":47}},"33":{"start":{"line":53,"column":8},"end":{"line":53,"column":57}},"34":{"start":{"line":54,"column":8},"end":{"line":54,"column":37}},"35":{"start":{"line":56,"column":8},"end":{"line":56,"column":39}},"36":{"start":{"line":57,"column":8},"end":{"line":57,"column":28}},"37":{"start":{"line":58,"column":8},"end":{"line":58,"column":41}},"38":{"start":{"line":59,"column":8},"end":{"line":59,"column":43}},"39":{"start":{"line":64,"column":0},"end":{"line":83,"column":1}},"40":{"start":{"line":72,"column":2},"end":{"line":72,"column":32}},"41":{"start":{"line":73,"column":2},"end":{"line":82,"column":4}},"42":{"start":{"line":74,"column":4},"end":{"line":79,"column":5}},"43":{"start":{"line":75,"column":6},"end":{"line":75,"column":22}},"44":{"start":{"line":76,"column":6},"end":{"line":76,"column":26}},"45":{"start":{"line":77,"column":6},"end":{"line":77,"column":39}},"46":{"start":{"line":78,"column":6},"end":{"line":78,"column":15}},"47":{"start":{"line":80,"column":4},"end":{"line":80,"column":31}},"48":{"start":{"line":81,"column":4},"end":{"line":81,"column":27}},"49":{"start":{"line":85,"column":0},"end":{"line":129,"column":1}},"50":{"start":{"line":92,"column":2},"end":{"line":92,"column":30}},"51":{"start":{"line":93,"column":2},"end":{"line":93,"column":24}},"52":{"start":{"line":94,"column":2},"end":{"line":94,"column":38}},"53":{"start":{"line":95,"column":2},"end":{"line":95,"column":26}},"54":{"start":{"line":98,"column":2},"end":{"line":103,"column":3}},"55":{"start":{"line":99,"column":4},"end":{"line":99,"column":24}},"56":{"start":{"line":100,"column":4},"end":{"line":100,"column":37}},"57":{"start":{"line":101,"column":4},"end":{"line":101,"column":28}},"58":{"start":{"line":102,"column":4},"end":{"line":102,"column":10}},"59":{"start":{"line":104,"column":2},"end":{"line":109,"column":3}},"60":{"start":{"line":105,"column":4},"end":{"line":105,"column":24}},"61":{"start":{"line":106,"column":4},"end":{"line":106,"column":37}},"62":{"start":{"line":107,"column":4},"end":{"line":107,"column":35}},"63":{"start":{"line":108,"column":4},"end":{"line":108,"column":10}},"64":{"start":{"line":111,"column":2},"end":{"line":128,"column":6}},"65":{"start":{"line":113,"column":6},"end":{"line":125,"column":7}},"66":{"start":{"line":114,"column":8},"end":{"line":114,"column":35}},"67":{"start":{"line":115,"column":8},"end":{"line":115,"column":28}},"68":{"start":{"line":116,"column":8},"end":{"line":116,"column":41}},"69":{"start":{"line":117,"column":8},"end":{"line":117,"column":44}},"70":{"start":{"line":118,"column":8},"end":{"line":118,"column":14}},"71":{"start":{"line":119,"column":13},"end":{"line":125,"column":7}},"72":{"start":{"line":120,"column":8},"end":{"line":120,"column":42}},"73":{"start":{"line":121,"column":8},"end":{"line":121,"column":28}},"74":{"start":{"line":122,"column":8},"end":{"line":122,"column":41}},"75":{"start":{"line":123,"column":8},"end":{"line":123,"column":41}},"76":{"start":{"line":124,"column":8},"end":{"line":124,"column":14}},"77":{"start":{"line":126,"column":6},"end":{"line":126,"column":55}},"78":{"start":{"line":127,"column":6},"end":{"line":127,"column":35}},"79":{"start":{"line":131,"column":0},"end":{"line":157,"column":1}},"80":{"start":{"line":138,"column":2},"end":{"line":138,"column":31}},"81":{"start":{"line":139,"column":2},"end":{"line":139,"column":32}},"82":{"start":{"line":140,"column":2},"end":{"line":156,"column":4}},"83":{"start":{"line":141,"column":4},"end":{"line":146,"column":5}},"84":{"start":{"line":142,"column":6},"end":{"line":142,"column":22}},"85":{"start":{"line":143,"column":6},"end":{"line":143,"column":26}},"86":{"start":{"line":144,"column":6},"end":{"line":144,"column":39}},"87":{"start":{"line":145,"column":6},"end":{"line":145,"column":15}},"88":{"start":{"line":148,"column":4},"end":{"line":155,"column":5}},"89":{"start":{"line":149,"column":6},"end":{"line":149,"column":26}},"90":{"start":{"line":150,"column":6},"end":{"line":150,"column":47}},"91":{"start":{"line":151,"column":6},"end":{"line":151,"column":36}},"92":{"start":{"line":153,"column":6},"end":{"line":153,"column":55}},"93":{"start":{"line":154,"column":6},"end":{"line":154,"column":38}},"94":{"start":{"line":159,"column":0},"end":{"line":188,"column":1}},"95":{"start":{"line":166,"column":2},"end":{"line":166,"column":19}},"96":{"start":{"line":167,"column":2},"end":{"line":181,"column":3}},"97":{"start":{"line":182,"column":2},"end":{"line":187,"column":3}},"98":{"start":{"line":183,"column":4},"end":{"line":183,"column":53}},"99":{"start":{"line":184,"column":4},"end":{"line":184,"column":78}},"100":{"start":{"line":186,"column":4},"end":{"line":186,"column":13}},"101":{"start":{"line":190,"column":0},"end":{"line":217,"column":1}},"102":{"start":{"line":198,"column":2},"end":{"line":198,"column":19}},"103":{"start":{"line":199,"column":2},"end":{"line":210,"column":3}},"104":{"start":{"line":211,"column":2},"end":{"line":216,"column":3}},"105":{"start":{"line":212,"column":4},"end":{"line":212,"column":53}},"106":{"start":{"line":213,"column":4},"end":{"line":213,"column":78}},"107":{"start":{"line":215,"column":4},"end":{"line":215,"column":13}}},"branchMap":{"1":{"line":23,"type":"if","locations":[{"start":{"line":23,"column":6},"end":{"line":23,"column":6}},{"start":{"line":23,"column":6},"end":{"line":23,"column":6}}]},"2":{"line":24,"type":"if","locations":[{"start":{"line":24,"column":8},"end":{"line":24,"column":8}},{"start":{"line":24,"column":8},"end":{"line":24,"column":8}}]},"3":{"line":32,"type":"if","locations":[{"start":{"line":32,"column":8},"end":{"line":32,"column":8}},{"start":{"line":32,"column":8},"end":{"line":32,"column":8}}]},"4":{"line":38,"type":"if","locations":[{"start":{"line":38,"column":15},"end":{"line":38,"column":15}},{"start":{"line":38,"column":15},"end":{"line":38,"column":15}}]},"5":{"line":51,"type":"if","locations":[{"start":{"line":51,"column":6},"end":{"line":51,"column":6}},{"start":{"line":51,"column":6},"end":{"line":51,"column":6}}]},"6":{"line":74,"type":"if","locations":[{"start":{"line":74,"column":4},"end":{"line":74,"column":4}},{"start":{"line":74,"column":4},"end":{"line":74,"column":4}}]},"7":{"line":98,"type":"if","locations":[{"start":{"line":98,"column":2},"end":{"line":98,"column":2}},{"start":{"line":98,"column":2},"end":{"line":98,"column":2}}]},"8":{"line":104,"type":"if","locations":[{"start":{"line":104,"column":2},"end":{"line":104,"column":2}},{"start":{"line":104,"column":2},"end":{"line":104,"column":2}}]},"9":{"line":113,"type":"if","locations":[{"start":{"line":113,"column":6},"end":{"line":113,"column":6}},{"start":{"line":113,"column":6},"end":{"line":113,"column":6}}]},"10":{"line":119,"type":"if","locations":[{"start":{"line":119,"column":13},"end":{"line":119,"column":13}},{"start":{"line":119,"column":13},"end":{"line":119,"column":13}}]},"11":{"line":141,"type":"if","locations":[{"start":{"line":141,"column":4},"end":{"line":141,"column":4}},{"start":{"line":141,"column":4},"end":{"line":141,"column":4}}]},"12":{"line":148,"type":"if","locations":[{"start":{"line":148,"column":4},"end":{"line":148,"column":4}},{"start":{"line":148,"column":4},"end":{"line":148,"column":4}}]},"13":{"line":182,"type":"if","locations":[{"start":{"line":182,"column":2},"end":{"line":182,"column":2}},{"start":{"line":182,"column":2},"end":{"line":182,"column":2}}]},"14":{"line":184,"type":"binary-expr","locations":[{"start":{"line":184,"column":27},"end":{"line":184,"column":61}},{"start":{"line":184,"column":65},"end":{"line":184,"column":67}}]},"15":{"line":211,"type":"if","locations":[{"start":{"line":211,"column":2},"end":{"line":211,"column":2}},{"start":{"line":211,"column":2},"end":{"line":211,"column":2}}]},"16":{"line":213,"type":"binary-expr","locations":[{"start":{"line":213,"column":27},"end":{"line":213,"column":61}},{"start":{"line":213,"column":65},"end":{"line":213,"column":67}}]}}}}