{"/Users/bollain/Documents/CPSC 410/inukshuk/server/index.js":{"path":"/Users/bollain/Documents/CPSC 410/inukshuk/server/index.js","s":{"1":1,"2":1,"3":1,"4":1,"5":1,"6":1,"7":1,"8":1,"9":1,"10":1,"11":1,"12":1,"13":1,"14":1,"15":1,"16":1,"17":1,"18":1,"19":1,"20":1,"21":1,"22":1,"23":1,"24":1},"b":{},"f":{"1":1,"2":1},"fnMap":{"1":{"name":"(anonymous_1)","line":29,"loc":{"start":{"line":29,"column":46},"end":{"line":29,"column":68}}},"2":{"name":"(anonymous_2)","line":43,"loc":{"start":{"line":43,"column":44},"end":{"line":43,"column":56}}}},"statementMap":{"1":{"start":{"line":3,"column":0},"end":{"line":3,"column":30}},"2":{"start":{"line":4,"column":0},"end":{"line":4,"column":26}},"3":{"start":{"line":5,"column":0},"end":{"line":5,"column":43}},"4":{"start":{"line":6,"column":0},"end":{"line":6,"column":31}},"5":{"start":{"line":7,"column":0},"end":{"line":7,"column":22}},"6":{"start":{"line":8,"column":0},"end":{"line":8,"column":21}},"7":{"start":{"line":9,"column":0},"end":{"line":9,"column":30}},"8":{"start":{"line":10,"column":0},"end":{"line":10,"column":34}},"9":{"start":{"line":11,"column":0},"end":{"line":11,"column":33}},"10":{"start":{"line":13,"column":0},"end":{"line":13,"column":29}},"11":{"start":{"line":14,"column":0},"end":{"line":14,"column":15}},"12":{"start":{"line":15,"column":0},"end":{"line":15,"column":31}},"13":{"start":{"line":18,"column":0},"end":{"line":22,"column":1}},"14":{"start":{"line":25,"column":0},"end":{"line":25,"column":56}},"15":{"start":{"line":26,"column":0},"end":{"line":26,"column":38}},"16":{"start":{"line":29,"column":0},"end":{"line":47,"column":2}},"17":{"start":{"line":31,"column":2},"end":{"line":31,"column":39}},"18":{"start":{"line":34,"column":2},"end":{"line":34,"column":40}},"19":{"start":{"line":37,"column":2},"end":{"line":37,"column":44}},"20":{"start":{"line":40,"column":2},"end":{"line":40,"column":33}},"21":{"start":{"line":43,"column":2},"end":{"line":46,"column":4}},"22":{"start":{"line":44,"column":4},"end":{"line":44,"column":100}},"23":{"start":{"line":45,"column":4},"end":{"line":45,"column":82}},"24":{"start":{"line":49,"column":0},"end":{"line":49,"column":20}}},"branchMap":{}},"/Users/bollain/Documents/CPSC 410/inukshuk/server/models/Trip.js":{"path":"/Users/bollain/Documents/CPSC 410/inukshuk/server/models/Trip.js","s":{"1":1,"2":1,"3":1,"4":1,"5":1,"6":1,"7":1,"8":1,"9":1,"10":1,"11":13,"12":1,"13":1,"14":1,"15":0,"16":1,"17":2,"18":2,"19":2,"20":2,"21":1,"22":10,"23":10,"24":10,"25":7,"26":10,"27":1,"28":1,"29":1,"30":1},"b":{"1":[0,1],"2":[7,3]},"f":{"1":13,"2":1,"3":10},"fnMap":{"1":{"name":"(anonymous_1)","line":17,"loc":{"start":{"line":17,"column":20},"end":{"line":17,"column":43}}},"2":{"name":"(anonymous_2)","line":51,"loc":{"start":{"line":51,"column":39},"end":{"line":51,"column":62}}},"3":{"name":"(anonymous_3)","line":64,"loc":{"start":{"line":64,"column":23},"end":{"line":64,"column":39}}}},"statementMap":{"1":{"start":{"line":1,"column":0},"end":{"line":1,"column":34}},"2":{"start":{"line":2,"column":0},"end":{"line":2,"column":28}},"3":{"start":{"line":3,"column":0},"end":{"line":3,"column":54}},"4":{"start":{"line":4,"column":0},"end":{"line":4,"column":51}},"5":{"start":{"line":5,"column":0},"end":{"line":5,"column":36}},"6":{"start":{"line":6,"column":0},"end":{"line":6,"column":30}},"7":{"start":{"line":8,"column":0},"end":{"line":8,"column":57}},"8":{"start":{"line":13,"column":0},"end":{"line":13,"column":36}},"9":{"start":{"line":15,"column":0},"end":{"line":15,"column":20}},"10":{"start":{"line":17,"column":0},"end":{"line":19,"column":1}},"11":{"start":{"line":18,"column":2},"end":{"line":18,"column":53}},"12":{"start":{"line":21,"column":0},"end":{"line":49,"column":2}},"13":{"start":{"line":51,"column":0},"end":{"line":62,"column":1}},"14":{"start":{"line":52,"column":2},"end":{"line":54,"column":3}},"15":{"start":{"line":53,"column":4},"end":{"line":53,"column":10}},"16":{"start":{"line":55,"column":2},"end":{"line":61,"column":3}},"17":{"start":{"line":56,"column":4},"end":{"line":56,"column":42}},"18":{"start":{"line":57,"column":4},"end":{"line":57,"column":44}},"19":{"start":{"line":58,"column":4},"end":{"line":58,"column":43}},"20":{"start":{"line":60,"column":4},"end":{"line":60,"column":40}},"21":{"start":{"line":64,"column":0},"end":{"line":76,"column":2}},"22":{"start":{"line":66,"column":2},"end":{"line":66,"column":30}},"23":{"start":{"line":69,"column":2},"end":{"line":69,"column":31}},"24":{"start":{"line":72,"column":2},"end":{"line":74,"column":3}},"25":{"start":{"line":73,"column":4},"end":{"line":73,"column":33}},"26":{"start":{"line":75,"column":2},"end":{"line":75,"column":8}},"27":{"start":{"line":78,"column":0},"end":{"line":78,"column":47}},"28":{"start":{"line":79,"column":0},"end":{"line":79,"column":31}},"29":{"start":{"line":80,"column":0},"end":{"line":80,"column":45}},"30":{"start":{"line":81,"column":0},"end":{"line":81,"column":21}}},"branchMap":{"1":{"line":52,"type":"if","locations":[{"start":{"line":52,"column":2},"end":{"line":52,"column":2}},{"start":{"line":52,"column":2},"end":{"line":52,"column":2}}]},"2":{"line":72,"type":"if","locations":[{"start":{"line":72,"column":2},"end":{"line":72,"column":2}},{"start":{"line":72,"column":2},"end":{"line":72,"column":2}}]}}},"/Users/bollain/Documents/CPSC 410/inukshuk/server/models/User.js":{"path":"/Users/bollain/Documents/CPSC 410/inukshuk/server/models/User.js","s":{"1":1,"2":1,"3":1,"4":1,"5":1,"6":1,"7":1,"8":1,"9":1,"10":1,"11":23,"12":1,"13":23,"14":1,"15":1,"16":1,"17":1,"18":1,"19":21,"20":21,"21":21,"22":19,"23":21,"24":1,"25":1,"26":1,"27":1},"b":{"1":[19,2]},"f":{"1":23,"2":23,"3":1,"4":21},"fnMap":{"1":{"name":"(anonymous_1)","line":17,"loc":{"start":{"line":17,"column":20},"end":{"line":17,"column":43}}},"2":{"name":"(anonymous_2)","line":21,"loc":{"start":{"line":21,"column":20},"end":{"line":21,"column":37}}},"3":{"name":"(anonymous_3)","line":48,"loc":{"start":{"line":48,"column":32},"end":{"line":48,"column":50}}},"4":{"name":"(anonymous_4)","line":55,"loc":{"start":{"line":55,"column":23},"end":{"line":55,"column":39}}}},"statementMap":{"1":{"start":{"line":1,"column":0},"end":{"line":1,"column":34}},"2":{"start":{"line":2,"column":0},"end":{"line":2,"column":28}},"3":{"start":{"line":3,"column":0},"end":{"line":3,"column":54}},"4":{"start":{"line":4,"column":0},"end":{"line":4,"column":51}},"5":{"start":{"line":5,"column":0},"end":{"line":5,"column":36}},"6":{"start":{"line":6,"column":0},"end":{"line":6,"column":30}},"7":{"start":{"line":8,"column":0},"end":{"line":8,"column":57}},"8":{"start":{"line":13,"column":0},"end":{"line":13,"column":36}},"9":{"start":{"line":15,"column":0},"end":{"line":15,"column":20}},"10":{"start":{"line":17,"column":0},"end":{"line":19,"column":1}},"11":{"start":{"line":18,"column":2},"end":{"line":18,"column":53}},"12":{"start":{"line":21,"column":0},"end":{"line":23,"column":1}},"13":{"start":{"line":22,"column":2},"end":{"line":22,"column":33}},"14":{"start":{"line":25,"column":0},"end":{"line":46,"column":2}},"15":{"start":{"line":48,"column":0},"end":{"line":51,"column":1}},"16":{"start":{"line":49,"column":2},"end":{"line":49,"column":40}},"17":{"start":{"line":50,"column":2},"end":{"line":50,"column":29}},"18":{"start":{"line":55,"column":0},"end":{"line":68,"column":2}},"19":{"start":{"line":57,"column":2},"end":{"line":57,"column":30}},"20":{"start":{"line":60,"column":2},"end":{"line":60,"column":31}},"21":{"start":{"line":63,"column":2},"end":{"line":65,"column":3}},"22":{"start":{"line":64,"column":4},"end":{"line":64,"column":33}},"23":{"start":{"line":67,"column":2},"end":{"line":67,"column":8}},"24":{"start":{"line":70,"column":0},"end":{"line":70,"column":47}},"25":{"start":{"line":71,"column":0},"end":{"line":71,"column":31}},"26":{"start":{"line":72,"column":0},"end":{"line":72,"column":45}},"27":{"start":{"line":73,"column":0},"end":{"line":73,"column":21}}},"branchMap":{"1":{"line":63,"type":"if","locations":[{"start":{"line":63,"column":2},"end":{"line":63,"column":2}},{"start":{"line":63,"column":2},"end":{"line":63,"column":2}}]}}},"/Users/bollain/Documents/CPSC 410/inukshuk/server/controllers/AlertService.js":{"path":"/Users/bollain/Documents/CPSC 410/inukshuk/server/controllers/AlertService.js","s":{"1":1,"2":1,"3":1,"4":1,"5":1,"6":1,"7":0,"8":0,"9":1,"10":1,"11":1,"12":1,"13":0,"14":0,"15":0,"16":0,"17":0,"18":1,"19":0,"20":0,"21":0,"22":0,"23":0,"24":0,"25":0,"26":1,"27":0,"28":0,"29":0,"30":0,"31":0,"32":0,"33":0,"34":0,"35":0,"36":0,"37":1,"38":1,"39":1,"40":1,"41":1,"42":1,"43":0,"44":0,"45":0,"46":1,"47":2,"48":2,"49":0,"50":0,"51":1,"52":0,"53":0,"54":1,"55":0,"56":0,"57":1,"58":0,"59":0,"60":0,"61":0,"62":0,"63":1,"64":0,"65":0,"66":0,"67":0,"68":0},"b":{"1":[0,0],"2":[0,0],"3":[0,0],"4":[0,0],"5":[0,0],"6":[0,2],"7":[0,0],"8":[0,0]},"f":{"1":0,"2":1,"3":0,"4":0,"5":0,"6":0,"7":0,"8":1,"9":1,"10":2,"11":0,"12":0,"13":0,"14":0},"fnMap":{"1":{"name":"(anonymous_1)","line":17,"loc":{"start":{"line":17,"column":44},"end":{"line":17,"column":66}}},"2":{"name":"(anonymous_2)","line":25,"loc":{"start":{"line":25,"column":39},"end":{"line":25,"column":55}}},"3":{"name":"(anonymous_3)","line":31,"loc":{"start":{"line":31,"column":46},"end":{"line":31,"column":68}}},"4":{"name":"(anonymous_4)","line":57,"loc":{"start":{"line":57,"column":32},"end":{"line":57,"column":77}}},"5":{"name":"(anonymous_5)","line":62,"loc":{"start":{"line":62,"column":56},"end":{"line":62,"column":68}}},"6":{"name":"(anonymous_6)","line":71,"loc":{"start":{"line":71,"column":34},"end":{"line":71,"column":80}}},"7":{"name":"(anonymous_7)","line":87,"loc":{"start":{"line":87,"column":61},"end":{"line":87,"column":73}}},"8":{"name":"(anonymous_8)","line":101,"loc":{"start":{"line":101,"column":31},"end":{"line":101,"column":54}}},"9":{"name":"(anonymous_9)","line":106,"loc":{"start":{"line":106,"column":33},"end":{"line":106,"column":57}}},"10":{"name":"(anonymous_10)","line":130,"loc":{"start":{"line":130,"column":29},"end":{"line":130,"column":48}}},"11":{"name":"(anonymous_11)","line":139,"loc":{"start":{"line":139,"column":37},"end":{"line":139,"column":60}}},"12":{"name":"(anonymous_12)","line":144,"loc":{"start":{"line":144,"column":43},"end":{"line":144,"column":59}}},"13":{"name":"(anonymous_13)","line":150,"loc":{"start":{"line":150,"column":45},"end":{"line":150,"column":61}}},"14":{"name":"(anonymous_14)","line":173,"loc":{"start":{"line":173,"column":39},"end":{"line":173,"column":63}}}},"statementMap":{"1":{"start":{"line":3,"column":0},"end":{"line":3,"column":51}},"2":{"start":{"line":4,"column":0},"end":{"line":4,"column":40}},"3":{"start":{"line":5,"column":0},"end":{"line":5,"column":38}},"4":{"start":{"line":6,"column":0},"end":{"line":6,"column":30}},"5":{"start":{"line":8,"column":0},"end":{"line":15,"column":2}},"6":{"start":{"line":17,"column":0},"end":{"line":23,"column":1}},"7":{"start":{"line":18,"column":2},"end":{"line":21,"column":44}},"8":{"start":{"line":22,"column":2},"end":{"line":22,"column":60}},"9":{"start":{"line":25,"column":0},"end":{"line":29,"column":1}},"10":{"start":{"line":26,"column":2},"end":{"line":27,"column":60}},"11":{"start":{"line":28,"column":2},"end":{"line":28,"column":56}},"12":{"start":{"line":31,"column":0},"end":{"line":55,"column":1}},"13":{"start":{"line":33,"column":2},"end":{"line":46,"column":3}},"14":{"start":{"line":49,"column":2},"end":{"line":54,"column":4}},"15":{"start":{"line":50,"column":4},"end":{"line":52,"column":5}},"16":{"start":{"line":51,"column":6},"end":{"line":51,"column":31}},"17":{"start":{"line":53,"column":4},"end":{"line":53,"column":69}},"18":{"start":{"line":57,"column":0},"end":{"line":69,"column":1}},"19":{"start":{"line":59,"column":2},"end":{"line":60,"column":82}},"20":{"start":{"line":61,"column":2},"end":{"line":61,"column":32}},"21":{"start":{"line":62,"column":2},"end":{"line":65,"column":4}},"22":{"start":{"line":63,"column":4},"end":{"line":63,"column":30}},"23":{"start":{"line":64,"column":4},"end":{"line":64,"column":46}},"24":{"start":{"line":66,"column":2},"end":{"line":68,"column":3}},"25":{"start":{"line":67,"column":4},"end":{"line":67,"column":40}},"26":{"start":{"line":71,"column":0},"end":{"line":99,"column":1}},"27":{"start":{"line":72,"column":2},"end":{"line":85,"column":3}},"28":{"start":{"line":86,"column":2},"end":{"line":86,"column":33}},"29":{"start":{"line":87,"column":2},"end":{"line":95,"column":4}},"30":{"start":{"line":88,"column":4},"end":{"line":88,"column":35}},"31":{"start":{"line":89,"column":4},"end":{"line":94,"column":6}},"32":{"start":{"line":90,"column":6},"end":{"line":92,"column":7}},"33":{"start":{"line":91,"column":8},"end":{"line":91,"column":33}},"34":{"start":{"line":93,"column":6},"end":{"line":93,"column":71}},"35":{"start":{"line":96,"column":2},"end":{"line":98,"column":3}},"36":{"start":{"line":97,"column":4},"end":{"line":97,"column":43}},"37":{"start":{"line":101,"column":0},"end":{"line":104,"column":1}},"38":{"start":{"line":102,"column":2},"end":{"line":102,"column":61}},"39":{"start":{"line":103,"column":2},"end":{"line":103,"column":50}},"40":{"start":{"line":106,"column":0},"end":{"line":128,"column":1}},"41":{"start":{"line":108,"column":2},"end":{"line":119,"column":3}},"42":{"start":{"line":122,"column":2},"end":{"line":127,"column":4}},"43":{"start":{"line":123,"column":4},"end":{"line":125,"column":5}},"44":{"start":{"line":124,"column":6},"end":{"line":124,"column":31}},"45":{"start":{"line":126,"column":4},"end":{"line":126,"column":69}},"46":{"start":{"line":130,"column":0},"end":{"line":137,"column":1}},"47":{"start":{"line":131,"column":2},"end":{"line":131,"column":46}},"48":{"start":{"line":133,"column":2},"end":{"line":136,"column":3}},"49":{"start":{"line":134,"column":4},"end":{"line":134,"column":42}},"50":{"start":{"line":135,"column":4},"end":{"line":135,"column":18}},"51":{"start":{"line":139,"column":0},"end":{"line":142,"column":1}},"52":{"start":{"line":140,"column":2},"end":{"line":140,"column":68}},"53":{"start":{"line":141,"column":2},"end":{"line":141,"column":48}},"54":{"start":{"line":144,"column":0},"end":{"line":148,"column":1}},"55":{"start":{"line":145,"column":2},"end":{"line":146,"column":78}},"56":{"start":{"line":147,"column":2},"end":{"line":147,"column":50}},"57":{"start":{"line":150,"column":0},"end":{"line":171,"column":1}},"58":{"start":{"line":151,"column":2},"end":{"line":162,"column":3}},"59":{"start":{"line":165,"column":2},"end":{"line":170,"column":4}},"60":{"start":{"line":166,"column":4},"end":{"line":168,"column":5}},"61":{"start":{"line":167,"column":6},"end":{"line":167,"column":31}},"62":{"start":{"line":169,"column":4},"end":{"line":169,"column":69}},"63":{"start":{"line":173,"column":0},"end":{"line":195,"column":1}},"64":{"start":{"line":175,"column":2},"end":{"line":186,"column":3}},"65":{"start":{"line":189,"column":2},"end":{"line":194,"column":4}},"66":{"start":{"line":190,"column":4},"end":{"line":192,"column":5}},"67":{"start":{"line":191,"column":6},"end":{"line":191,"column":31}},"68":{"start":{"line":193,"column":4},"end":{"line":193,"column":69}}},"branchMap":{"1":{"line":50,"type":"if","locations":[{"start":{"line":50,"column":4},"end":{"line":50,"column":4}},{"start":{"line":50,"column":4},"end":{"line":50,"column":4}}]},"2":{"line":66,"type":"if","locations":[{"start":{"line":66,"column":2},"end":{"line":66,"column":2}},{"start":{"line":66,"column":2},"end":{"line":66,"column":2}}]},"3":{"line":90,"type":"if","locations":[{"start":{"line":90,"column":6},"end":{"line":90,"column":6}},{"start":{"line":90,"column":6},"end":{"line":90,"column":6}}]},"4":{"line":96,"type":"if","locations":[{"start":{"line":96,"column":2},"end":{"line":96,"column":2}},{"start":{"line":96,"column":2},"end":{"line":96,"column":2}}]},"5":{"line":123,"type":"if","locations":[{"start":{"line":123,"column":4},"end":{"line":123,"column":4}},{"start":{"line":123,"column":4},"end":{"line":123,"column":4}}]},"6":{"line":133,"type":"if","locations":[{"start":{"line":133,"column":2},"end":{"line":133,"column":2}},{"start":{"line":133,"column":2},"end":{"line":133,"column":2}}]},"7":{"line":166,"type":"if","locations":[{"start":{"line":166,"column":4},"end":{"line":166,"column":4}},{"start":{"line":166,"column":4},"end":{"line":166,"column":4}}]},"8":{"line":190,"type":"if","locations":[{"start":{"line":190,"column":4},"end":{"line":190,"column":4}},{"start":{"line":190,"column":4},"end":{"line":190,"column":4}}]}}},"/Users/bollain/Documents/CPSC 410/inukshuk/server/utils/twilioClient.js":{"path":"/Users/bollain/Documents/CPSC 410/inukshuk/server/utils/twilioClient.js","s":{"1":1,"2":1,"3":1,"4":2,"5":0,"6":0,"7":0,"8":0},"b":{"1":[0,0]},"f":{"1":2,"2":0},"fnMap":{"1":{"name":"(anonymous_1)","line":4,"loc":{"start":{"line":4,"column":25},"end":{"line":4,"column":48}}},"2":{"name":"(anonymous_2)","line":9,"loc":{"start":{"line":9,"column":5},"end":{"line":9,"column":26}}}},"statementMap":{"1":{"start":{"line":1,"column":0},"end":{"line":1,"column":30}},"2":{"start":{"line":2,"column":0},"end":{"line":2,"column":83}},"3":{"start":{"line":4,"column":0},"end":{"line":17,"column":1}},"4":{"start":{"line":5,"column":2},"end":{"line":16,"column":4}},"5":{"start":{"line":10,"column":4},"end":{"line":15,"column":5}},"6":{"start":{"line":11,"column":6},"end":{"line":11,"column":40}},"7":{"start":{"line":12,"column":6},"end":{"line":12,"column":24}},"8":{"start":{"line":14,"column":6},"end":{"line":14,"column":38}}},"branchMap":{"1":{"line":10,"type":"if","locations":[{"start":{"line":10,"column":4},"end":{"line":10,"column":4}},{"start":{"line":10,"column":4},"end":{"line":10,"column":4}}]}}},"/Users/bollain/Documents/CPSC 410/inukshuk/server/controllers/Trips.js":{"path":"/Users/bollain/Documents/CPSC 410/inukshuk/server/controllers/Trips.js","s":{"1":1,"2":1,"3":4,"4":1,"5":2,"6":1,"7":2,"8":1,"9":4,"10":1,"11":1},"b":{},"f":{"1":4,"2":2,"3":2,"4":4,"5":1},"fnMap":{"1":{"name":"createTrip","line":5,"loc":{"start":{"line":5,"column":28},"end":{"line":5,"column":65}}},"2":{"name":"deleteTrip","line":9,"loc":{"start":{"line":9,"column":28},"end":{"line":9,"column":65}}},"3":{"name":"getTrip","line":13,"loc":{"start":{"line":13,"column":25},"end":{"line":13,"column":59}}},"4":{"name":"updateTrip","line":17,"loc":{"start":{"line":17,"column":28},"end":{"line":17,"column":65}}},"5":{"name":"updateBreadcrumbs","line":21,"loc":{"start":{"line":21,"column":35},"end":{"line":21,"column":79}}}},"statementMap":{"1":{"start":{"line":3,"column":0},"end":{"line":3,"column":37}},"2":{"start":{"line":5,"column":0},"end":{"line":7,"column":1}},"3":{"start":{"line":6,"column":2},"end":{"line":6,"column":49}},"4":{"start":{"line":9,"column":0},"end":{"line":11,"column":1}},"5":{"start":{"line":10,"column":2},"end":{"line":10,"column":49}},"6":{"start":{"line":13,"column":0},"end":{"line":15,"column":1}},"7":{"start":{"line":14,"column":2},"end":{"line":14,"column":46}},"8":{"start":{"line":17,"column":0},"end":{"line":19,"column":1}},"9":{"start":{"line":18,"column":2},"end":{"line":18,"column":49}},"10":{"start":{"line":21,"column":0},"end":{"line":23,"column":1}},"11":{"start":{"line":22,"column":2},"end":{"line":22,"column":56}}},"branchMap":{}},"/Users/bollain/Documents/CPSC 410/inukshuk/server/controllers/TripsService.js":{"path":"/Users/bollain/Documents/CPSC 410/inukshuk/server/controllers/TripsService.js","s":{"1":1,"2":1,"3":1,"4":1,"5":4,"6":4,"7":4,"8":4,"9":4,"10":0,"11":4,"12":1,"13":1,"14":1,"15":3,"16":3,"17":2,"18":2,"19":1,"20":1,"21":1,"22":0,"23":1,"24":1,"25":1,"26":1,"27":1,"28":1,"29":2,"30":2,"31":2,"32":0,"33":2,"34":1,"35":1,"36":1,"37":1,"38":1,"39":0,"40":1,"41":1,"42":1,"43":1,"44":0,"45":1,"46":1,"47":1,"48":1,"49":2,"50":2,"51":2,"52":0,"53":0,"54":0,"55":0,"56":2,"57":1,"58":1,"59":1,"60":1,"61":1,"62":1,"63":4,"64":4,"65":4,"66":0,"67":0,"68":4,"69":1,"70":1,"71":1,"72":3,"73":3,"74":3,"75":3,"76":3,"77":3,"78":3,"79":3,"80":3,"81":3,"82":1,"83":1,"84":2,"85":1,"86":1,"87":1,"88":2,"89":1,"90":1,"91":2,"92":2,"93":2,"94":1,"95":1,"96":1,"97":1,"98":1,"99":0,"100":0,"101":1,"102":0,"103":0,"104":0,"105":1,"106":1,"107":1,"108":0,"109":0,"110":0,"111":1,"112":1,"113":1,"114":1,"115":1,"116":1,"117":1,"118":1,"119":1,"120":1,"121":2,"122":2,"123":2,"124":2,"125":1,"126":2,"127":1,"128":2,"129":1,"130":1,"131":1,"132":1,"133":1,"134":1,"135":1,"136":1,"137":1,"138":1,"139":3,"140":3,"141":3,"142":3,"143":1,"144":1,"145":1,"146":1,"147":1,"148":1,"149":1,"150":1,"151":1,"152":1,"153":1,"154":3,"155":3,"156":0,"157":3,"158":2,"159":1,"160":1,"161":3,"162":3,"163":3,"164":1,"165":2,"166":2},"b":{"1":[0,4],"2":[1,3],"3":[2,1],"4":[0,1],"5":[0,2],"6":[1,1],"7":[0,1],"8":[0,1],"9":[0,2],"10":[1,1],"11":[0,4],"12":[1,3],"13":[3,3],"14":[3,2],"15":[3,2],"16":[3,3],"17":[1,2],"18":[1,2],"19":[3,3],"20":[3,2],"21":[1,2],"22":[1,1],"23":[1,1],"24":[0,1],"25":[0,1],"26":[0,1],"27":[1,0],"28":[1,0],"29":[2,0],"30":[2,0],"31":[1,0],"32":[1,0],"33":[3,0],"34":[3,0],"35":[1,0],"36":[1,0],"37":[1,0],"38":[1,0],"39":[0,3],"40":[2,1],"41":[1,0]},"f":{"1":4,"2":4,"3":3,"4":1,"5":2,"6":2,"7":1,"8":1,"9":2,"10":2,"11":4,"12":4,"13":3,"14":1,"15":1,"16":1,"17":1,"18":2,"19":2,"20":2,"21":1,"22":1,"23":3,"24":1,"25":1,"26":3,"27":2},"fnMap":{"1":{"name":"(anonymous_1)","line":13,"loc":{"start":{"line":13,"column":21},"end":{"line":13,"column":48}}},"2":{"name":"(anonymous_2)","line":32,"loc":{"start":{"line":32,"column":24},"end":{"line":32,"column":45}}},"3":{"name":"(anonymous_3)","line":41,"loc":{"start":{"line":41,"column":19},"end":{"line":41,"column":34}}},"4":{"name":"(anonymous_4)","line":47,"loc":{"start":{"line":47,"column":18},"end":{"line":47,"column":33}}},"5":{"name":"(anonymous_5)","line":63,"loc":{"start":{"line":63,"column":21},"end":{"line":63,"column":48}}},"6":{"name":"(anonymous_6)","line":72,"loc":{"start":{"line":72,"column":24},"end":{"line":72,"column":45}}},"7":{"name":"(anonymous_7)","line":82,"loc":{"start":{"line":82,"column":33},"end":{"line":82,"column":54}}},"8":{"name":"(anonymous_8)","line":90,"loc":{"start":{"line":90,"column":18},"end":{"line":90,"column":33}}},"9":{"name":"(anonymous_9)","line":103,"loc":{"start":{"line":103,"column":18},"end":{"line":103,"column":45}}},"10":{"name":"(anonymous_10)","line":111,"loc":{"start":{"line":111,"column":27},"end":{"line":111,"column":48}}},"11":{"name":"(anonymous_11)","line":130,"loc":{"start":{"line":130,"column":21},"end":{"line":130,"column":48}}},"12":{"name":"(anonymous_12)","line":138,"loc":{"start":{"line":138,"column":31},"end":{"line":138,"column":52}}},"13":{"name":"(anonymous_13)","line":157,"loc":{"start":{"line":157,"column":16},"end":{"line":157,"column":31}}},"14":{"name":"(anonymous_14)","line":183,"loc":{"start":{"line":183,"column":28},"end":{"line":183,"column":55}}},"15":{"name":"(anonymous_15)","line":193,"loc":{"start":{"line":193,"column":24},"end":{"line":193,"column":45}}},"16":{"name":"(anonymous_16)","line":205,"loc":{"start":{"line":205,"column":16},"end":{"line":205,"column":31}}},"17":{"name":"(anonymous_17)","line":219,"loc":{"start":{"line":219,"column":30},"end":{"line":219,"column":52}}},"18":{"name":"(anonymous_18)","line":229,"loc":{"start":{"line":229,"column":21},"end":{"line":229,"column":37}}},"19":{"name":"(anonymous_19)","line":239,"loc":{"start":{"line":239,"column":25},"end":{"line":239,"column":66}}},"20":{"name":"(anonymous_20)","line":245,"loc":{"start":{"line":245,"column":23},"end":{"line":245,"column":63}}},"21":{"name":"(anonymous_21)","line":250,"loc":{"start":{"line":250,"column":19},"end":{"line":250,"column":35}}},"22":{"name":"(anonymous_22)","line":260,"loc":{"start":{"line":260,"column":29},"end":{"line":260,"column":45}}},"23":{"name":"(anonymous_23)","line":270,"loc":{"start":{"line":270,"column":19},"end":{"line":270,"column":35}}},"24":{"name":"(anonymous_24)","line":280,"loc":{"start":{"line":280,"column":26},"end":{"line":280,"column":42}}},"25":{"name":"(anonymous_25)","line":290,"loc":{"start":{"line":290,"column":33},"end":{"line":290,"column":49}}},"26":{"name":"(anonymous_26)","line":299,"loc":{"start":{"line":299,"column":18},"end":{"line":299,"column":40}}},"27":{"name":"(anonymous_27)","line":316,"loc":{"start":{"line":316,"column":24},"end":{"line":316,"column":50}}}},"statementMap":{"1":{"start":{"line":3,"column":0},"end":{"line":3,"column":36}},"2":{"start":{"line":4,"column":0},"end":{"line":4,"column":36}},"3":{"start":{"line":5,"column":0},"end":{"line":5,"column":44}},"4":{"start":{"line":13,"column":0},"end":{"line":61,"column":1}},"5":{"start":{"line":14,"column":2},"end":{"line":14,"column":30}},"6":{"start":{"line":15,"column":2},"end":{"line":15,"column":28}},"7":{"start":{"line":16,"column":2},"end":{"line":30,"column":4}},"8":{"start":{"line":32,"column":2},"end":{"line":60,"column":4}},"9":{"start":{"line":33,"column":4},"end":{"line":35,"column":5}},"10":{"start":{"line":34,"column":6},"end":{"line":34,"column":34}},"11":{"start":{"line":36,"column":4},"end":{"line":59,"column":5}},"12":{"start":{"line":37,"column":6},"end":{"line":37,"column":26}},"13":{"start":{"line":38,"column":6},"end":{"line":38,"column":47}},"14":{"start":{"line":39,"column":6},"end":{"line":39,"column":36}},"15":{"start":{"line":41,"column":6},"end":{"line":58,"column":8}},"16":{"start":{"line":42,"column":8},"end":{"line":45,"column":9}},"17":{"start":{"line":43,"column":10},"end":{"line":43,"column":31}},"18":{"start":{"line":44,"column":10},"end":{"line":44,"column":16}},"19":{"start":{"line":46,"column":8},"end":{"line":46,"column":36}},"20":{"start":{"line":47,"column":8},"end":{"line":51,"column":10}},"21":{"start":{"line":48,"column":10},"end":{"line":50,"column":11}},"22":{"start":{"line":49,"column":12},"end":{"line":49,"column":33}},"23":{"start":{"line":53,"column":8},"end":{"line":53,"column":31}},"24":{"start":{"line":54,"column":8},"end":{"line":54,"column":46}},"25":{"start":{"line":55,"column":8},"end":{"line":55,"column":36}},"26":{"start":{"line":56,"column":8},"end":{"line":56,"column":57}},"27":{"start":{"line":57,"column":8},"end":{"line":57,"column":40}},"28":{"start":{"line":63,"column":0},"end":{"line":101,"column":1}},"29":{"start":{"line":71,"column":2},"end":{"line":71,"column":32}},"30":{"start":{"line":72,"column":2},"end":{"line":100,"column":4}},"31":{"start":{"line":73,"column":4},"end":{"line":75,"column":5}},"32":{"start":{"line":74,"column":6},"end":{"line":74,"column":34}},"33":{"start":{"line":76,"column":4},"end":{"line":99,"column":5}},"34":{"start":{"line":77,"column":6},"end":{"line":77,"column":26}},"35":{"start":{"line":78,"column":6},"end":{"line":78,"column":47}},"36":{"start":{"line":79,"column":6},"end":{"line":79,"column":36}},"37":{"start":{"line":82,"column":6},"end":{"line":88,"column":8}},"38":{"start":{"line":83,"column":8},"end":{"line":85,"column":9}},"39":{"start":{"line":84,"column":10},"end":{"line":84,"column":38}},"40":{"start":{"line":86,"column":8},"end":{"line":86,"column":31}},"41":{"start":{"line":87,"column":8},"end":{"line":87,"column":19}},"42":{"start":{"line":90,"column":6},"end":{"line":98,"column":8}},"43":{"start":{"line":91,"column":8},"end":{"line":93,"column":9}},"44":{"start":{"line":92,"column":10},"end":{"line":92,"column":38}},"45":{"start":{"line":95,"column":8},"end":{"line":95,"column":26}},"46":{"start":{"line":96,"column":8},"end":{"line":96,"column":33}},"47":{"start":{"line":97,"column":8},"end":{"line":97,"column":31}},"48":{"start":{"line":103,"column":0},"end":{"line":128,"column":1}},"49":{"start":{"line":110,"column":2},"end":{"line":110,"column":32}},"50":{"start":{"line":111,"column":2},"end":{"line":127,"column":4}},"51":{"start":{"line":112,"column":4},"end":{"line":117,"column":5}},"52":{"start":{"line":113,"column":6},"end":{"line":113,"column":22}},"53":{"start":{"line":114,"column":6},"end":{"line":114,"column":26}},"54":{"start":{"line":115,"column":6},"end":{"line":115,"column":39}},"55":{"start":{"line":116,"column":6},"end":{"line":116,"column":15}},"56":{"start":{"line":119,"column":4},"end":{"line":126,"column":5}},"57":{"start":{"line":120,"column":6},"end":{"line":120,"column":26}},"58":{"start":{"line":121,"column":6},"end":{"line":121,"column":47}},"59":{"start":{"line":122,"column":6},"end":{"line":122,"column":36}},"60":{"start":{"line":124,"column":6},"end":{"line":124,"column":55}},"61":{"start":{"line":125,"column":6},"end":{"line":125,"column":35}},"62":{"start":{"line":130,"column":0},"end":{"line":181,"column":1}},"63":{"start":{"line":137,"column":2},"end":{"line":137,"column":30}},"64":{"start":{"line":138,"column":2},"end":{"line":180,"column":4}},"65":{"start":{"line":139,"column":4},"end":{"line":142,"column":5}},"66":{"start":{"line":140,"column":6},"end":{"line":140,"column":27}},"67":{"start":{"line":141,"column":6},"end":{"line":141,"column":12}},"68":{"start":{"line":143,"column":4},"end":{"line":179,"column":5}},"69":{"start":{"line":144,"column":6},"end":{"line":144,"column":26}},"70":{"start":{"line":145,"column":6},"end":{"line":145,"column":47}},"71":{"start":{"line":146,"column":6},"end":{"line":146,"column":36}},"72":{"start":{"line":148,"column":6},"end":{"line":148,"column":54}},"73":{"start":{"line":149,"column":6},"end":{"line":149,"column":60}},"74":{"start":{"line":150,"column":6},"end":{"line":150,"column":66}},"75":{"start":{"line":151,"column":6},"end":{"line":151,"column":66}},"76":{"start":{"line":152,"column":6},"end":{"line":152,"column":122}},"77":{"start":{"line":153,"column":6},"end":{"line":153,"column":114}},"78":{"start":{"line":154,"column":6},"end":{"line":154,"column":42}},"79":{"start":{"line":155,"column":6},"end":{"line":155,"column":57}},"80":{"start":{"line":157,"column":6},"end":{"line":178,"column":8}},"81":{"start":{"line":158,"column":8},"end":{"line":161,"column":9}},"82":{"start":{"line":159,"column":10},"end":{"line":159,"column":31}},"83":{"start":{"line":160,"column":10},"end":{"line":160,"column":16}},"84":{"start":{"line":164,"column":8},"end":{"line":168,"column":9}},"85":{"start":{"line":165,"column":10},"end":{"line":165,"column":59}},"86":{"start":{"line":166,"column":10},"end":{"line":166,"column":28}},"87":{"start":{"line":167,"column":10},"end":{"line":167,"column":42}},"88":{"start":{"line":170,"column":8},"end":{"line":173,"column":9}},"89":{"start":{"line":171,"column":10},"end":{"line":171,"column":48}},"90":{"start":{"line":172,"column":10},"end":{"line":172,"column":28}},"91":{"start":{"line":175,"column":8},"end":{"line":175,"column":36}},"92":{"start":{"line":176,"column":8},"end":{"line":176,"column":57}},"93":{"start":{"line":177,"column":8},"end":{"line":177,"column":37}},"94":{"start":{"line":183,"column":0},"end":{"line":217,"column":1}},"95":{"start":{"line":191,"column":2},"end":{"line":191,"column":32}},"96":{"start":{"line":192,"column":2},"end":{"line":192,"column":35}},"97":{"start":{"line":193,"column":2},"end":{"line":216,"column":4}},"98":{"start":{"line":194,"column":4},"end":{"line":197,"column":5}},"99":{"start":{"line":195,"column":6},"end":{"line":195,"column":22}},"100":{"start":{"line":196,"column":6},"end":{"line":196,"column":12}},"101":{"start":{"line":198,"column":4},"end":{"line":215,"column":5}},"102":{"start":{"line":199,"column":6},"end":{"line":199,"column":26}},"103":{"start":{"line":200,"column":6},"end":{"line":200,"column":47}},"104":{"start":{"line":201,"column":6},"end":{"line":201,"column":36}},"105":{"start":{"line":204,"column":6},"end":{"line":204,"column":41}},"106":{"start":{"line":205,"column":6},"end":{"line":214,"column":8}},"107":{"start":{"line":206,"column":8},"end":{"line":210,"column":9}},"108":{"start":{"line":207,"column":10},"end":{"line":207,"column":26}},"109":{"start":{"line":208,"column":10},"end":{"line":208,"column":31}},"110":{"start":{"line":209,"column":10},"end":{"line":209,"column":16}},"111":{"start":{"line":211,"column":8},"end":{"line":211,"column":43}},"112":{"start":{"line":212,"column":8},"end":{"line":212,"column":57}},"113":{"start":{"line":213,"column":8},"end":{"line":213,"column":49}},"114":{"start":{"line":219,"column":0},"end":{"line":227,"column":1}},"115":{"start":{"line":220,"column":2},"end":{"line":222,"column":3}},"116":{"start":{"line":221,"column":4},"end":{"line":221,"column":55}},"117":{"start":{"line":223,"column":2},"end":{"line":225,"column":3}},"118":{"start":{"line":224,"column":4},"end":{"line":224,"column":57}},"119":{"start":{"line":226,"column":2},"end":{"line":226,"column":42}},"120":{"start":{"line":229,"column":0},"end":{"line":236,"column":1}},"121":{"start":{"line":230,"column":2},"end":{"line":232,"column":3}},"122":{"start":{"line":231,"column":4},"end":{"line":231,"column":75}},"123":{"start":{"line":233,"column":2},"end":{"line":235,"column":3}},"124":{"start":{"line":234,"column":4},"end":{"line":234,"column":79}},"125":{"start":{"line":239,"column":0},"end":{"line":241,"column":1}},"126":{"start":{"line":240,"column":2},"end":{"line":240,"column":62}},"127":{"start":{"line":245,"column":0},"end":{"line":247,"column":1}},"128":{"start":{"line":246,"column":2},"end":{"line":246,"column":59}},"129":{"start":{"line":250,"column":0},"end":{"line":257,"column":1}},"130":{"start":{"line":252,"column":2},"end":{"line":252,"column":20}},"131":{"start":{"line":254,"column":2},"end":{"line":254,"column":22}},"132":{"start":{"line":256,"column":2},"end":{"line":256,"column":30}},"133":{"start":{"line":260,"column":0},"end":{"line":267,"column":1}},"134":{"start":{"line":261,"column":2},"end":{"line":263,"column":3}},"135":{"start":{"line":262,"column":4},"end":{"line":262,"column":48}},"136":{"start":{"line":264,"column":2},"end":{"line":266,"column":3}},"137":{"start":{"line":265,"column":4},"end":{"line":265,"column":50}},"138":{"start":{"line":270,"column":0},"end":{"line":278,"column":1}},"139":{"start":{"line":272,"column":2},"end":{"line":274,"column":3}},"140":{"start":{"line":273,"column":4},"end":{"line":273,"column":49}},"141":{"start":{"line":275,"column":2},"end":{"line":277,"column":3}},"142":{"start":{"line":276,"column":4},"end":{"line":276,"column":47}},"143":{"start":{"line":280,"column":0},"end":{"line":287,"column":1}},"144":{"start":{"line":281,"column":2},"end":{"line":283,"column":3}},"145":{"start":{"line":282,"column":4},"end":{"line":282,"column":49}},"146":{"start":{"line":284,"column":2},"end":{"line":286,"column":3}},"147":{"start":{"line":285,"column":4},"end":{"line":285,"column":51}},"148":{"start":{"line":290,"column":0},"end":{"line":297,"column":1}},"149":{"start":{"line":291,"column":2},"end":{"line":293,"column":3}},"150":{"start":{"line":292,"column":4},"end":{"line":292,"column":55}},"151":{"start":{"line":294,"column":2},"end":{"line":296,"column":3}},"152":{"start":{"line":295,"column":4},"end":{"line":295,"column":57}},"153":{"start":{"line":299,"column":0},"end":{"line":314,"column":1}},"154":{"start":{"line":300,"column":2},"end":{"line":300,"column":18}},"155":{"start":{"line":301,"column":2},"end":{"line":310,"column":3}},"156":{"start":{"line":303,"column":4},"end":{"line":303,"column":29}},"157":{"start":{"line":304,"column":9},"end":{"line":310,"column":3}},"158":{"start":{"line":306,"column":4},"end":{"line":306,"column":39}},"159":{"start":{"line":307,"column":9},"end":{"line":310,"column":3}},"160":{"start":{"line":309,"column":4},"end":{"line":309,"column":32}},"161":{"start":{"line":311,"column":2},"end":{"line":311,"column":22}},"162":{"start":{"line":312,"column":2},"end":{"line":312,"column":35}},"163":{"start":{"line":313,"column":2},"end":{"line":313,"column":18}},"164":{"start":{"line":316,"column":0},"end":{"line":319,"column":1}},"165":{"start":{"line":317,"column":2},"end":{"line":317,"column":71}},"166":{"start":{"line":318,"column":2},"end":{"line":318,"column":22}}},"branchMap":{"1":{"line":33,"type":"if","locations":[{"start":{"line":33,"column":4},"end":{"line":33,"column":4}},{"start":{"line":33,"column":4},"end":{"line":33,"column":4}}]},"2":{"line":36,"type":"if","locations":[{"start":{"line":36,"column":4},"end":{"line":36,"column":4}},{"start":{"line":36,"column":4},"end":{"line":36,"column":4}}]},"3":{"line":42,"type":"if","locations":[{"start":{"line":42,"column":8},"end":{"line":42,"column":8}},{"start":{"line":42,"column":8},"end":{"line":42,"column":8}}]},"4":{"line":48,"type":"if","locations":[{"start":{"line":48,"column":10},"end":{"line":48,"column":10}},{"start":{"line":48,"column":10},"end":{"line":48,"column":10}}]},"5":{"line":73,"type":"if","locations":[{"start":{"line":73,"column":4},"end":{"line":73,"column":4}},{"start":{"line":73,"column":4},"end":{"line":73,"column":4}}]},"6":{"line":76,"type":"if","locations":[{"start":{"line":76,"column":4},"end":{"line":76,"column":4}},{"start":{"line":76,"column":4},"end":{"line":76,"column":4}}]},"7":{"line":83,"type":"if","locations":[{"start":{"line":83,"column":8},"end":{"line":83,"column":8}},{"start":{"line":83,"column":8},"end":{"line":83,"column":8}}]},"8":{"line":91,"type":"if","locations":[{"start":{"line":91,"column":8},"end":{"line":91,"column":8}},{"start":{"line":91,"column":8},"end":{"line":91,"column":8}}]},"9":{"line":112,"type":"if","locations":[{"start":{"line":112,"column":4},"end":{"line":112,"column":4}},{"start":{"line":112,"column":4},"end":{"line":112,"column":4}}]},"10":{"line":119,"type":"if","locations":[{"start":{"line":119,"column":4},"end":{"line":119,"column":4}},{"start":{"line":119,"column":4},"end":{"line":119,"column":4}}]},"11":{"line":139,"type":"if","locations":[{"start":{"line":139,"column":4},"end":{"line":139,"column":4}},{"start":{"line":139,"column":4},"end":{"line":139,"column":4}}]},"12":{"line":143,"type":"if","locations":[{"start":{"line":143,"column":4},"end":{"line":143,"column":4}},{"start":{"line":143,"column":4},"end":{"line":143,"column":4}}]},"13":{"line":148,"type":"binary-expr","locations":[{"start":{"line":148,"column":22},"end":{"line":148,"column":37}},{"start":{"line":148,"column":41},"end":{"line":148,"column":54}}]},"14":{"line":149,"type":"binary-expr","locations":[{"start":{"line":149,"column":24},"end":{"line":149,"column":41}},{"start":{"line":149,"column":45},"end":{"line":149,"column":60}}]},"15":{"line":150,"type":"binary-expr","locations":[{"start":{"line":150,"column":26},"end":{"line":150,"column":45}},{"start":{"line":150,"column":49},"end":{"line":150,"column":66}}]},"16":{"line":151,"type":"binary-expr","locations":[{"start":{"line":151,"column":26},"end":{"line":151,"column":45}},{"start":{"line":151,"column":49},"end":{"line":151,"column":66}}]},"17":{"line":152,"type":"cond-expr","locations":[{"start":{"line":152,"column":56},"end":{"line":152,"column":98}},{"start":{"line":152,"column":101},"end":{"line":152,"column":122}}]},"18":{"line":153,"type":"cond-expr","locations":[{"start":{"line":153,"column":52},"end":{"line":153,"column":92}},{"start":{"line":153,"column":95},"end":{"line":153,"column":114}}]},"19":{"line":154,"type":"binary-expr","locations":[{"start":{"line":154,"column":18},"end":{"line":154,"column":29}},{"start":{"line":154,"column":33},"end":{"line":154,"column":42}}]},"20":{"line":155,"type":"binary-expr","locations":[{"start":{"line":155,"column":23},"end":{"line":155,"column":39}},{"start":{"line":155,"column":43},"end":{"line":155,"column":57}}]},"21":{"line":158,"type":"if","locations":[{"start":{"line":158,"column":8},"end":{"line":158,"column":8}},{"start":{"line":158,"column":8},"end":{"line":158,"column":8}}]},"22":{"line":164,"type":"if","locations":[{"start":{"line":164,"column":8},"end":{"line":164,"column":8}},{"start":{"line":164,"column":8},"end":{"line":164,"column":8}}]},"23":{"line":170,"type":"if","locations":[{"start":{"line":170,"column":8},"end":{"line":170,"column":8}},{"start":{"line":170,"column":8},"end":{"line":170,"column":8}}]},"24":{"line":194,"type":"if","locations":[{"start":{"line":194,"column":4},"end":{"line":194,"column":4}},{"start":{"line":194,"column":4},"end":{"line":194,"column":4}}]},"25":{"line":198,"type":"if","locations":[{"start":{"line":198,"column":4},"end":{"line":198,"column":4}},{"start":{"line":198,"column":4},"end":{"line":198,"column":4}}]},"26":{"line":206,"type":"if","locations":[{"start":{"line":206,"column":8},"end":{"line":206,"column":8}},{"start":{"line":206,"column":8},"end":{"line":206,"column":8}}]},"27":{"line":220,"type":"if","locations":[{"start":{"line":220,"column":2},"end":{"line":220,"column":2}},{"start":{"line":220,"column":2},"end":{"line":220,"column":2}}]},"28":{"line":223,"type":"if","locations":[{"start":{"line":223,"column":2},"end":{"line":223,"column":2}},{"start":{"line":223,"column":2},"end":{"line":223,"column":2}}]},"29":{"line":230,"type":"if","locations":[{"start":{"line":230,"column":2},"end":{"line":230,"column":2}},{"start":{"line":230,"column":2},"end":{"line":230,"column":2}}]},"30":{"line":233,"type":"if","locations":[{"start":{"line":233,"column":2},"end":{"line":233,"column":2}},{"start":{"line":233,"column":2},"end":{"line":233,"column":2}}]},"31":{"line":261,"type":"if","locations":[{"start":{"line":261,"column":2},"end":{"line":261,"column":2}},{"start":{"line":261,"column":2},"end":{"line":261,"column":2}}]},"32":{"line":264,"type":"if","locations":[{"start":{"line":264,"column":2},"end":{"line":264,"column":2}},{"start":{"line":264,"column":2},"end":{"line":264,"column":2}}]},"33":{"line":272,"type":"if","locations":[{"start":{"line":272,"column":2},"end":{"line":272,"column":2}},{"start":{"line":272,"column":2},"end":{"line":272,"column":2}}]},"34":{"line":275,"type":"if","locations":[{"start":{"line":275,"column":2},"end":{"line":275,"column":2}},{"start":{"line":275,"column":2},"end":{"line":275,"column":2}}]},"35":{"line":281,"type":"if","locations":[{"start":{"line":281,"column":2},"end":{"line":281,"column":2}},{"start":{"line":281,"column":2},"end":{"line":281,"column":2}}]},"36":{"line":284,"type":"if","locations":[{"start":{"line":284,"column":2},"end":{"line":284,"column":2}},{"start":{"line":284,"column":2},"end":{"line":284,"column":2}}]},"37":{"line":291,"type":"if","locations":[{"start":{"line":291,"column":2},"end":{"line":291,"column":2}},{"start":{"line":291,"column":2},"end":{"line":291,"column":2}}]},"38":{"line":294,"type":"if","locations":[{"start":{"line":294,"column":2},"end":{"line":294,"column":2}},{"start":{"line":294,"column":2},"end":{"line":294,"column":2}}]},"39":{"line":301,"type":"if","locations":[{"start":{"line":301,"column":2},"end":{"line":301,"column":2}},{"start":{"line":301,"column":2},"end":{"line":301,"column":2}}]},"40":{"line":304,"type":"if","locations":[{"start":{"line":304,"column":9},"end":{"line":304,"column":9}},{"start":{"line":304,"column":9},"end":{"line":304,"column":9}}]},"41":{"line":307,"type":"if","locations":[{"start":{"line":307,"column":9},"end":{"line":307,"column":9}},{"start":{"line":307,"column":9},"end":{"line":307,"column":9}}]}}},"/Users/bollain/Documents/CPSC 410/inukshuk/server/controllers/Users.js":{"path":"/Users/bollain/Documents/CPSC 410/inukshuk/server/controllers/Users.js","s":{"1":1,"2":1,"3":4,"4":1,"5":1,"6":1,"7":3,"8":1,"9":0,"10":1,"11":0,"12":1,"13":6},"b":{},"f":{"1":4,"2":1,"3":3,"4":0,"5":0,"6":6},"fnMap":{"1":{"name":"createUser","line":5,"loc":{"start":{"line":5,"column":28},"end":{"line":5,"column":65}}},"2":{"name":"deleteUser","line":9,"loc":{"start":{"line":9,"column":28},"end":{"line":9,"column":65}}},"3":{"name":"getUser","line":13,"loc":{"start":{"line":13,"column":25},"end":{"line":13,"column":59}}},"4":{"name":"getUserTrips","line":17,"loc":{"start":{"line":17,"column":30},"end":{"line":17,"column":69}}},"5":{"name":"searchTrip","line":21,"loc":{"start":{"line":21,"column":28},"end":{"line":21,"column":65}}},"6":{"name":"updateUser","line":25,"loc":{"start":{"line":25,"column":28},"end":{"line":25,"column":65}}}},"statementMap":{"1":{"start":{"line":3,"column":0},"end":{"line":3,"column":37}},"2":{"start":{"line":5,"column":0},"end":{"line":7,"column":1}},"3":{"start":{"line":6,"column":2},"end":{"line":6,"column":49}},"4":{"start":{"line":9,"column":0},"end":{"line":11,"column":1}},"5":{"start":{"line":10,"column":2},"end":{"line":10,"column":49}},"6":{"start":{"line":13,"column":0},"end":{"line":15,"column":1}},"7":{"start":{"line":14,"column":2},"end":{"line":14,"column":46}},"8":{"start":{"line":17,"column":0},"end":{"line":19,"column":1}},"9":{"start":{"line":18,"column":2},"end":{"line":18,"column":51}},"10":{"start":{"line":21,"column":0},"end":{"line":23,"column":1}},"11":{"start":{"line":22,"column":2},"end":{"line":22,"column":49}},"12":{"start":{"line":25,"column":0},"end":{"line":27,"column":1}},"13":{"start":{"line":26,"column":2},"end":{"line":26,"column":49}}},"branchMap":{}},"/Users/bollain/Documents/CPSC 410/inukshuk/server/controllers/UsersService.js":{"path":"/Users/bollain/Documents/CPSC 410/inukshuk/server/controllers/UsersService.js","s":{"1":1,"2":1,"3":1,"4":1,"5":4,"6":4,"7":4,"8":4,"9":2,"10":1,"11":1,"12":1,"13":1,"14":1,"15":1,"16":1,"17":1,"18":1,"19":1,"20":1,"21":0,"22":0,"23":0,"24":0,"25":2,"26":1,"27":1,"28":1,"29":1,"30":1,"31":1,"32":1,"33":1,"34":1,"35":1,"36":1,"37":0,"38":0,"39":0,"40":0,"41":1,"42":1,"43":1,"44":6,"45":6,"46":6,"47":6,"48":6,"49":1,"50":1,"51":1,"52":1,"53":5,"54":1,"55":1,"56":1,"57":1,"58":4,"59":4,"60":1,"61":1,"62":1,"63":1,"64":1,"65":3,"66":1,"67":1,"68":1,"69":1,"70":1,"71":2,"72":2,"73":1,"74":3,"75":3,"76":3,"77":3,"78":0,"79":0,"80":0,"81":0,"82":3,"83":1,"84":1,"85":1,"86":2,"87":2,"88":1,"89":0,"90":1,"91":0},"b":{"1":[2,2],"2":[1,1],"3":[1,0],"4":[1,1],"5":[0,1],"6":[1,5],"7":[1,4],"8":[1,3],"9":[1,2],"10":[0,3],"11":[1,2]},"f":{"1":4,"2":4,"3":1,"4":1,"5":6,"6":4,"7":3,"8":3,"9":0,"10":0},"fnMap":{"1":{"name":"(anonymous_1)","line":7,"loc":{"start":{"line":7,"column":21},"end":{"line":7,"column":48}}},"2":{"name":"(anonymous_2)","line":22,"loc":{"start":{"line":22,"column":4},"end":{"line":22,"column":34}}},"3":{"name":"(anonymous_3)","line":56,"loc":{"start":{"line":56,"column":21},"end":{"line":56,"column":48}}},"4":{"name":"(anonymous_4)","line":65,"loc":{"start":{"line":65,"column":33},"end":{"line":65,"column":48}}},"5":{"name":"(anonymous_5)","line":77,"loc":{"start":{"line":77,"column":21},"end":{"line":77,"column":48}}},"6":{"name":"(anonymous_6)","line":104,"loc":{"start":{"line":104,"column":4},"end":{"line":104,"column":25}}},"7":{"name":"(anonymous_7)","line":123,"loc":{"start":{"line":123,"column":18},"end":{"line":123,"column":45}}},"8":{"name":"(anonymous_8)","line":132,"loc":{"start":{"line":132,"column":26},"end":{"line":132,"column":47}}},"9":{"name":"(anonymous_9)","line":151,"loc":{"start":{"line":151,"column":23},"end":{"line":151,"column":50}}},"10":{"name":"(anonymous_10)","line":162,"loc":{"start":{"line":162,"column":21},"end":{"line":162,"column":48}}}},"statementMap":{"1":{"start":{"line":3,"column":0},"end":{"line":3,"column":36}},"2":{"start":{"line":4,"column":0},"end":{"line":4,"column":36}},"3":{"start":{"line":5,"column":0},"end":{"line":5,"column":20}},"4":{"start":{"line":7,"column":0},"end":{"line":54,"column":1}},"5":{"start":{"line":14,"column":2},"end":{"line":14,"column":30}},"6":{"start":{"line":15,"column":2},"end":{"line":19,"column":3}},"7":{"start":{"line":21,"column":2},"end":{"line":53,"column":6}},"8":{"start":{"line":23,"column":6},"end":{"line":42,"column":7}},"9":{"start":{"line":24,"column":8},"end":{"line":41,"column":9}},"10":{"start":{"line":25,"column":10},"end":{"line":25,"column":42}},"11":{"start":{"line":26,"column":10},"end":{"line":26,"column":30}},"12":{"start":{"line":27,"column":10},"end":{"line":27,"column":43}},"13":{"start":{"line":28,"column":10},"end":{"line":28,"column":34}},"14":{"start":{"line":29,"column":10},"end":{"line":29,"column":16}},"15":{"start":{"line":30,"column":15},"end":{"line":41,"column":9}},"16":{"start":{"line":31,"column":10},"end":{"line":31,"column":44}},"17":{"start":{"line":32,"column":10},"end":{"line":32,"column":30}},"18":{"start":{"line":33,"column":10},"end":{"line":33,"column":43}},"19":{"start":{"line":34,"column":10},"end":{"line":34,"column":55}},"20":{"start":{"line":35,"column":10},"end":{"line":35,"column":16}},"21":{"start":{"line":37,"column":10},"end":{"line":37,"column":30}},"22":{"start":{"line":38,"column":10},"end":{"line":38,"column":43}},"23":{"start":{"line":39,"column":10},"end":{"line":39,"column":19}},"24":{"start":{"line":40,"column":10},"end":{"line":40,"column":16}},"25":{"start":{"line":43,"column":6},"end":{"line":52,"column":7}},"26":{"start":{"line":44,"column":8},"end":{"line":44,"column":47}},"27":{"start":{"line":45,"column":8},"end":{"line":45,"column":57}},"28":{"start":{"line":46,"column":8},"end":{"line":46,"column":37}},"29":{"start":{"line":48,"column":8},"end":{"line":48,"column":39}},"30":{"start":{"line":49,"column":8},"end":{"line":49,"column":28}},"31":{"start":{"line":50,"column":8},"end":{"line":50,"column":41}},"32":{"start":{"line":51,"column":8},"end":{"line":51,"column":43}},"33":{"start":{"line":56,"column":0},"end":{"line":75,"column":1}},"34":{"start":{"line":64,"column":2},"end":{"line":64,"column":32}},"35":{"start":{"line":65,"column":2},"end":{"line":74,"column":4}},"36":{"start":{"line":66,"column":4},"end":{"line":71,"column":5}},"37":{"start":{"line":67,"column":6},"end":{"line":67,"column":22}},"38":{"start":{"line":68,"column":6},"end":{"line":68,"column":26}},"39":{"start":{"line":69,"column":6},"end":{"line":69,"column":39}},"40":{"start":{"line":70,"column":6},"end":{"line":70,"column":15}},"41":{"start":{"line":72,"column":4},"end":{"line":72,"column":31}},"42":{"start":{"line":73,"column":4},"end":{"line":73,"column":27}},"43":{"start":{"line":77,"column":0},"end":{"line":121,"column":1}},"44":{"start":{"line":84,"column":2},"end":{"line":84,"column":30}},"45":{"start":{"line":85,"column":2},"end":{"line":85,"column":24}},"46":{"start":{"line":86,"column":2},"end":{"line":86,"column":38}},"47":{"start":{"line":87,"column":2},"end":{"line":87,"column":26}},"48":{"start":{"line":90,"column":2},"end":{"line":95,"column":3}},"49":{"start":{"line":91,"column":4},"end":{"line":91,"column":24}},"50":{"start":{"line":92,"column":4},"end":{"line":92,"column":37}},"51":{"start":{"line":93,"column":4},"end":{"line":93,"column":28}},"52":{"start":{"line":94,"column":4},"end":{"line":94,"column":10}},"53":{"start":{"line":96,"column":2},"end":{"line":101,"column":3}},"54":{"start":{"line":97,"column":4},"end":{"line":97,"column":24}},"55":{"start":{"line":98,"column":4},"end":{"line":98,"column":37}},"56":{"start":{"line":99,"column":4},"end":{"line":99,"column":35}},"57":{"start":{"line":100,"column":4},"end":{"line":100,"column":10}},"58":{"start":{"line":103,"column":2},"end":{"line":120,"column":6}},"59":{"start":{"line":105,"column":6},"end":{"line":117,"column":7}},"60":{"start":{"line":106,"column":8},"end":{"line":106,"column":35}},"61":{"start":{"line":107,"column":8},"end":{"line":107,"column":28}},"62":{"start":{"line":108,"column":8},"end":{"line":108,"column":41}},"63":{"start":{"line":109,"column":8},"end":{"line":109,"column":44}},"64":{"start":{"line":110,"column":8},"end":{"line":110,"column":14}},"65":{"start":{"line":111,"column":13},"end":{"line":117,"column":7}},"66":{"start":{"line":112,"column":8},"end":{"line":112,"column":42}},"67":{"start":{"line":113,"column":8},"end":{"line":113,"column":28}},"68":{"start":{"line":114,"column":8},"end":{"line":114,"column":41}},"69":{"start":{"line":115,"column":8},"end":{"line":115,"column":41}},"70":{"start":{"line":116,"column":8},"end":{"line":116,"column":14}},"71":{"start":{"line":118,"column":6},"end":{"line":118,"column":55}},"72":{"start":{"line":119,"column":6},"end":{"line":119,"column":35}},"73":{"start":{"line":123,"column":0},"end":{"line":149,"column":1}},"74":{"start":{"line":130,"column":2},"end":{"line":130,"column":31}},"75":{"start":{"line":131,"column":2},"end":{"line":131,"column":32}},"76":{"start":{"line":132,"column":2},"end":{"line":148,"column":4}},"77":{"start":{"line":133,"column":4},"end":{"line":138,"column":5}},"78":{"start":{"line":134,"column":6},"end":{"line":134,"column":22}},"79":{"start":{"line":135,"column":6},"end":{"line":135,"column":26}},"80":{"start":{"line":136,"column":6},"end":{"line":136,"column":39}},"81":{"start":{"line":137,"column":6},"end":{"line":137,"column":15}},"82":{"start":{"line":140,"column":4},"end":{"line":147,"column":5}},"83":{"start":{"line":141,"column":6},"end":{"line":141,"column":26}},"84":{"start":{"line":142,"column":6},"end":{"line":142,"column":47}},"85":{"start":{"line":143,"column":6},"end":{"line":143,"column":36}},"86":{"start":{"line":145,"column":6},"end":{"line":145,"column":55}},"87":{"start":{"line":146,"column":6},"end":{"line":146,"column":38}},"88":{"start":{"line":151,"column":0},"end":{"line":160,"column":1}},"89":{"start":{"line":159,"column":2},"end":{"line":159,"column":11}},"90":{"start":{"line":162,"column":0},"end":{"line":172,"column":1}},"91":{"start":{"line":171,"column":2},"end":{"line":171,"column":11}}},"branchMap":{"1":{"line":23,"type":"if","locations":[{"start":{"line":23,"column":6},"end":{"line":23,"column":6}},{"start":{"line":23,"column":6},"end":{"line":23,"column":6}}]},"2":{"line":24,"type":"if","locations":[{"start":{"line":24,"column":8},"end":{"line":24,"column":8}},{"start":{"line":24,"column":8},"end":{"line":24,"column":8}}]},"3":{"line":30,"type":"if","locations":[{"start":{"line":30,"column":15},"end":{"line":30,"column":15}},{"start":{"line":30,"column":15},"end":{"line":30,"column":15}}]},"4":{"line":43,"type":"if","locations":[{"start":{"line":43,"column":6},"end":{"line":43,"column":6}},{"start":{"line":43,"column":6},"end":{"line":43,"column":6}}]},"5":{"line":66,"type":"if","locations":[{"start":{"line":66,"column":4},"end":{"line":66,"column":4}},{"start":{"line":66,"column":4},"end":{"line":66,"column":4}}]},"6":{"line":90,"type":"if","locations":[{"start":{"line":90,"column":2},"end":{"line":90,"column":2}},{"start":{"line":90,"column":2},"end":{"line":90,"column":2}}]},"7":{"line":96,"type":"if","locations":[{"start":{"line":96,"column":2},"end":{"line":96,"column":2}},{"start":{"line":96,"column":2},"end":{"line":96,"column":2}}]},"8":{"line":105,"type":"if","locations":[{"start":{"line":105,"column":6},"end":{"line":105,"column":6}},{"start":{"line":105,"column":6},"end":{"line":105,"column":6}}]},"9":{"line":111,"type":"if","locations":[{"start":{"line":111,"column":13},"end":{"line":111,"column":13}},{"start":{"line":111,"column":13},"end":{"line":111,"column":13}}]},"10":{"line":133,"type":"if","locations":[{"start":{"line":133,"column":4},"end":{"line":133,"column":4}},{"start":{"line":133,"column":4},"end":{"line":133,"column":4}}]},"11":{"line":140,"type":"if","locations":[{"start":{"line":140,"column":4},"end":{"line":140,"column":4}},{"start":{"line":140,"column":4},"end":{"line":140,"column":4}}]}}}}