TN:
SF:/Users/bollain/Documents/CPSC 410/inukshuk/server/index.js
FN:29,(anonymous_1)
FN:43,(anonymous_2)
FNF:2
FNH:2
FNDA:1,(anonymous_1)
FNDA:1,(anonymous_2)
DA:3,1
DA:4,1
DA:5,1
DA:6,1
DA:7,1
DA:8,1
DA:9,1
DA:10,1
DA:11,1
DA:13,1
DA:14,1
DA:15,1
DA:18,1
DA:25,1
DA:26,1
DA:29,1
DA:31,1
DA:34,1
DA:37,1
DA:40,1
DA:43,1
DA:44,1
DA:45,1
DA:49,1
LF:24
LH:24
BRF:0
BRH:0
end_of_record
TN:
SF:/Users/bollain/Documents/CPSC 410/inukshuk/server/models/Trip.js
FN:17,(anonymous_1)
FN:52,(anonymous_2)
FN:70,(anonymous_3)
FNF:3
FNH:3
FNDA:13,(anonymous_1)
FNDA:1,(anonymous_2)
FNDA:10,(anonymous_3)
DA:1,1
DA:2,1
DA:3,1
DA:4,1
DA:5,1
DA:6,1
DA:8,1
DA:13,1
DA:15,1
DA:17,1
DA:18,13
DA:21,1
DA:52,1
DA:53,1
DA:54,0
DA:56,1
DA:57,2
DA:58,2
DA:60,2
DA:64,2
DA:66,2
DA:70,1
DA:72,10
DA:75,10
DA:78,10
DA:79,7
DA:81,10
DA:84,1
DA:85,1
DA:86,1
DA:87,1
LF:31
LH:30
BRDA:53,1,0,0
BRDA:53,1,1,1
BRDA:78,2,0,7
BRDA:78,2,1,3
BRF:4
BRH:3
end_of_record
TN:
SF:/Users/bollain/Documents/CPSC 410/inukshuk/server/models/User.js
FN:17,(anonymous_1)
FN:21,(anonymous_2)
FN:48,(anonymous_3)
FN:55,(anonymous_4)
FNF:4
FNH:4
FNDA:23,(anonymous_1)
FNDA:23,(anonymous_2)
FNDA:1,(anonymous_3)
FNDA:21,(anonymous_4)
DA:1,1
DA:2,1
DA:3,1
DA:4,1
DA:5,1
DA:6,1
DA:8,1
DA:13,1
DA:15,1
DA:17,1
DA:18,23
DA:21,1
DA:22,23
DA:25,1
DA:48,1
DA:49,1
DA:50,1
DA:55,1
DA:57,21
DA:60,21
DA:63,21
DA:64,19
DA:67,21
DA:70,1
DA:71,1
DA:72,1
DA:73,1
LF:27
LH:27
BRDA:63,1,0,19
BRDA:63,1,1,2
BRF:2
BRH:2
end_of_record
TN:
SF:/Users/bollain/Documents/CPSC 410/inukshuk/server/controllers/AlertService.js
FN:17,(anonymous_1)
FN:25,(anonymous_2)
FN:31,(anonymous_3)
FN:57,(anonymous_4)
FN:62,(anonymous_5)
FN:71,(anonymous_6)
FN:87,(anonymous_7)
FN:101,(anonymous_8)
FN:106,(anonymous_9)
FN:130,(anonymous_10)
FN:139,(anonymous_11)
FN:144,(anonymous_12)
FN:150,(anonymous_13)
FN:173,(anonymous_14)
FNF:14
FNH:4
FNDA:0,(anonymous_1)
FNDA:1,(anonymous_2)
FNDA:0,(anonymous_3)
FNDA:0,(anonymous_4)
FNDA:0,(anonymous_5)
FNDA:0,(anonymous_6)
FNDA:0,(anonymous_7)
FNDA:1,(anonymous_8)
FNDA:1,(anonymous_9)
FNDA:2,(anonymous_10)
FNDA:0,(anonymous_11)
FNDA:0,(anonymous_12)
FNDA:0,(anonymous_13)
FNDA:0,(anonymous_14)
DA:3,1
DA:4,1
DA:5,1
DA:6,1
DA:8,1
DA:17,1
DA:18,0
DA:22,0
DA:25,1
DA:26,1
DA:28,1
DA:31,1
DA:33,0
DA:49,0
DA:50,0
DA:51,0
DA:53,0
DA:57,1
DA:59,0
DA:61,0
DA:62,0
DA:63,0
DA:64,0
DA:66,0
DA:67,0
DA:71,1
DA:72,0
DA:86,0
DA:87,0
DA:88,0
DA:89,0
DA:90,0
DA:91,0
DA:93,0
DA:96,0
DA:97,0
DA:101,1
DA:102,1
DA:103,1
DA:106,1
DA:108,1
DA:122,1
DA:123,0
DA:124,0
DA:126,0
DA:130,1
DA:131,2
DA:133,2
DA:134,0
DA:135,0
DA:139,1
DA:140,0
DA:141,0
DA:144,1
DA:145,0
DA:147,0
DA:150,1
DA:151,0
DA:165,0
DA:166,0
DA:167,0
DA:169,0
DA:173,1
DA:175,0
DA:189,0
DA:190,0
DA:191,0
DA:193,0
LF:68
LH:25
BRDA:50,1,0,0
BRDA:50,1,1,0
BRDA:66,2,0,0
BRDA:66,2,1,0
BRDA:90,3,0,0
BRDA:90,3,1,0
BRDA:96,4,0,0
BRDA:96,4,1,0
BRDA:123,5,0,0
BRDA:123,5,1,0
BRDA:133,6,0,0
BRDA:133,6,1,2
BRDA:166,7,0,0
BRDA:166,7,1,0
BRDA:190,8,0,0
BRDA:190,8,1,0
BRF:16
BRH:1
end_of_record
TN:
SF:/Users/bollain/Documents/CPSC 410/inukshuk/server/utils/twilioClient.js
FN:4,(anonymous_1)
FN:9,(anonymous_2)
FNF:2
FNH:2
FNDA:2,(anonymous_1)
FNDA:2,(anonymous_2)
DA:1,1
DA:2,1
DA:4,1
DA:5,2
DA:10,2
DA:11,0
DA:12,0
DA:14,2
LF:8
LH:6
BRDA:10,1,0,0
BRDA:10,1,1,2
BRF:2
BRH:1
end_of_record
TN:
SF:/Users/bollain/Documents/CPSC 410/inukshuk/server/controllers/Trips.js
FN:5,createTrip
FN:9,deleteTrip
FN:13,getTrip
FN:17,updateTrip
FN:21,updateBreadcrumbs
FNF:5
FNH:5
FNDA:4,createTrip
FNDA:2,deleteTrip
FNDA:2,getTrip
FNDA:4,updateTrip
FNDA:2,updateBreadcrumbs
DA:3,1
DA:5,1
DA:6,4
DA:9,1
DA:10,2
DA:13,1
DA:14,2
DA:17,1
DA:18,4
DA:21,1
DA:22,2
LF:11
LH:11
BRF:0
BRH:0
end_of_record
TN:
SF:/Users/bollain/Documents/CPSC 410/inukshuk/server/controllers/TripsService.js
FN:13,(anonymous_1)
FN:32,(anonymous_2)
FN:41,(anonymous_3)
FN:47,(anonymous_4)
FN:63,(anonymous_5)
FN:72,(anonymous_6)
FN:82,(anonymous_7)
FN:90,(anonymous_8)
FN:103,(anonymous_9)
FN:111,(anonymous_10)
FN:130,(anonymous_11)
FN:138,(anonymous_12)
FN:157,(anonymous_13)
FN:183,(anonymous_14)
FN:193,(anonymous_15)
FN:205,(anonymous_16)
FN:219,(anonymous_17)
FN:229,(anonymous_18)
FN:239,(anonymous_19)
FN:245,(anonymous_20)
FN:250,(anonymous_21)
FN:260,(anonymous_22)
FN:270,(anonymous_23)
FN:280,(anonymous_24)
FN:290,(anonymous_25)
FN:299,(anonymous_26)
FN:316,(anonymous_27)
FNF:27
FNH:27
FNDA:4,(anonymous_1)
FNDA:4,(anonymous_2)
FNDA:3,(anonymous_3)
FNDA:1,(anonymous_4)
FNDA:2,(anonymous_5)
FNDA:2,(anonymous_6)
FNDA:1,(anonymous_7)
FNDA:1,(anonymous_8)
FNDA:2,(anonymous_9)
FNDA:2,(anonymous_10)
FNDA:4,(anonymous_11)
FNDA:4,(anonymous_12)
FNDA:3,(anonymous_13)
FNDA:2,(anonymous_14)
FNDA:2,(anonymous_15)
FNDA:1,(anonymous_16)
FNDA:1,(anonymous_17)
FNDA:2,(anonymous_18)
FNDA:2,(anonymous_19)
FNDA:2,(anonymous_20)
FNDA:1,(anonymous_21)
FNDA:1,(anonymous_22)
FNDA:3,(anonymous_23)
FNDA:1,(anonymous_24)
FNDA:1,(anonymous_25)
FNDA:3,(anonymous_26)
FNDA:2,(anonymous_27)
DA:3,1
DA:4,1
DA:5,1
DA:13,1
DA:14,4
DA:15,4
DA:16,4
DA:32,4
DA:33,4
DA:34,0
DA:36,4
DA:37,1
DA:38,1
DA:39,1
DA:41,3
DA:42,3
DA:43,2
DA:44,2
DA:46,1
DA:47,1
DA:48,1
DA:49,0
DA:53,1
DA:54,1
DA:55,1
DA:56,1
DA:57,1
DA:63,1
DA:71,2
DA:72,2
DA:73,2
DA:74,0
DA:76,2
DA:77,1
DA:78,1
DA:79,1
DA:82,1
DA:83,1
DA:84,0
DA:86,1
DA:87,1
DA:90,1
DA:91,1
DA:92,0
DA:95,1
DA:96,1
DA:97,1
DA:103,1
DA:110,2
DA:111,2
DA:112,2
DA:113,0
DA:114,0
DA:115,0
DA:116,0
DA:119,2
DA:120,1
DA:121,1
DA:122,1
DA:124,1
DA:125,1
DA:130,1
DA:137,4
DA:138,4
DA:139,4
DA:140,0
DA:141,0
DA:143,4
DA:144,1
DA:145,1
DA:146,1
DA:148,3
DA:149,3
DA:150,3
DA:151,3
DA:152,3
DA:153,3
DA:154,3
DA:155,3
DA:157,3
DA:158,3
DA:159,1
DA:160,1
DA:164,2
DA:165,1
DA:166,1
DA:167,1
DA:170,2
DA:171,1
DA:172,1
DA:175,2
DA:176,2
DA:177,2
DA:183,1
DA:191,2
DA:192,2
DA:193,2
DA:194,2
DA:195,0
DA:196,0
DA:198,2
DA:199,1
DA:200,1
DA:201,1
DA:204,1
DA:205,1
DA:206,1
DA:207,0
DA:208,0
DA:209,0
DA:211,1
DA:212,1
DA:213,1
DA:219,1
DA:220,1
DA:221,1
DA:223,1
DA:224,1
DA:226,1
DA:229,1
DA:230,2
DA:231,2
DA:233,2
DA:234,2
DA:239,1
DA:240,2
DA:245,1
DA:246,2
DA:250,1
DA:252,1
DA:254,1
DA:256,1
DA:260,1
DA:261,1
DA:262,1
DA:264,1
DA:265,1
DA:270,1
DA:272,3
DA:273,3
DA:275,3
DA:276,3
DA:280,1
DA:281,1
DA:282,1
DA:284,1
DA:285,1
DA:290,1
DA:291,1
DA:292,1
DA:294,1
DA:295,1
DA:299,1
DA:300,3
DA:301,3
DA:303,0
DA:304,3
DA:306,2
DA:307,1
DA:309,1
DA:311,3
DA:312,3
DA:313,3
DA:316,1
DA:317,2
DA:318,2
LF:166
LH:149
BRDA:33,1,0,0
BRDA:33,1,1,4
BRDA:36,2,0,1
BRDA:36,2,1,3
BRDA:42,3,0,2
BRDA:42,3,1,1
BRDA:48,4,0,0
BRDA:48,4,1,1
BRDA:73,5,0,0
BRDA:73,5,1,2
BRDA:76,6,0,1
BRDA:76,6,1,1
BRDA:83,7,0,0
BRDA:83,7,1,1
BRDA:91,8,0,0
BRDA:91,8,1,1
BRDA:112,9,0,0
BRDA:112,9,1,2
BRDA:119,10,0,1
BRDA:119,10,1,1
BRDA:139,11,0,0
BRDA:139,11,1,4
BRDA:143,12,0,1
BRDA:143,12,1,3
BRDA:148,13,0,3
BRDA:148,13,1,3
BRDA:149,14,0,3
BRDA:149,14,1,2
BRDA:150,15,0,3
BRDA:150,15,1,2
BRDA:151,16,0,3
BRDA:151,16,1,3
BRDA:152,17,0,1
BRDA:152,17,1,2
BRDA:153,18,0,1
BRDA:153,18,1,2
BRDA:154,19,0,3
BRDA:154,19,1,3
BRDA:155,20,0,3
BRDA:155,20,1,2
BRDA:158,21,0,1
BRDA:158,21,1,2
BRDA:164,22,0,1
BRDA:164,22,1,1
BRDA:170,23,0,1
BRDA:170,23,1,1
BRDA:194,24,0,0
BRDA:194,24,1,2
BRDA:198,25,0,1
BRDA:198,25,1,1
BRDA:206,26,0,0
BRDA:206,26,1,1
BRDA:220,27,0,1
BRDA:220,27,1,0
BRDA:223,28,0,1
BRDA:223,28,1,0
BRDA:230,29,0,2
BRDA:230,29,1,0
BRDA:233,30,0,2
BRDA:233,30,1,0
BRDA:261,31,0,1
BRDA:261,31,1,0
BRDA:264,32,0,1
BRDA:264,32,1,0
BRDA:272,33,0,3
BRDA:272,33,1,0
BRDA:275,34,0,3
BRDA:275,34,1,0
BRDA:281,35,0,1
BRDA:281,35,1,0
BRDA:284,36,0,1
BRDA:284,36,1,0
BRDA:291,37,0,1
BRDA:291,37,1,0
BRDA:294,38,0,1
BRDA:294,38,1,0
BRDA:301,39,0,0
BRDA:301,39,1,3
BRDA:304,40,0,2
BRDA:304,40,1,1
BRDA:307,41,0,1
BRDA:307,41,1,0
BRF:82
BRH:59
end_of_record
TN:
SF:/Users/bollain/Documents/CPSC 410/inukshuk/server/controllers/Users.js
FN:5,createUser
FN:9,deleteUser
FN:13,getUser
FN:17,getUserTrips
FN:21,searchTrip
FN:25,updateUser
FNF:6
FNH:4
FNDA:4,createUser
FNDA:1,deleteUser
FNDA:3,getUser
FNDA:0,getUserTrips
FNDA:0,searchTrip
FNDA:6,updateUser
DA:3,1
DA:5,1
DA:6,4
DA:9,1
DA:10,1
DA:13,1
DA:14,3
DA:17,1
DA:18,0
DA:21,1
DA:22,0
DA:25,1
DA:26,6
LF:13
LH:11
BRF:0
BRH:0
end_of_record
TN:
SF:/Users/bollain/Documents/CPSC 410/inukshuk/server/controllers/UsersService.js
FN:7,(anonymous_1)
FN:22,(anonymous_2)
FN:56,(anonymous_3)
FN:65,(anonymous_4)
FN:77,(anonymous_5)
FN:104,(anonymous_6)
FN:123,(anonymous_7)
FN:132,(anonymous_8)
FN:151,(anonymous_9)
FN:162,(anonymous_10)
FNF:10
FNH:8
FNDA:4,(anonymous_1)
FNDA:4,(anonymous_2)
FNDA:1,(anonymous_3)
FNDA:1,(anonymous_4)
FNDA:6,(anonymous_5)
FNDA:4,(anonymous_6)
FNDA:3,(anonymous_7)
FNDA:3,(anonymous_8)
FNDA:0,(anonymous_9)
FNDA:0,(anonymous_10)
DA:3,1
DA:4,1
DA:5,1
DA:7,1
DA:14,4
DA:15,4
DA:21,4
DA:23,4
DA:24,2
DA:25,1
DA:26,1
DA:27,1
DA:28,1
DA:29,1
DA:30,1
DA:31,1
DA:32,1
DA:33,1
DA:34,1
DA:35,1
DA:37,0
DA:38,0
DA:39,0
DA:40,0
DA:43,2
DA:44,1
DA:45,1
DA:46,1
DA:48,1
DA:49,1
DA:50,1
DA:51,1
DA:56,1
DA:64,1
DA:65,1
DA:66,1
DA:67,0
DA:68,0
DA:69,0
DA:70,0
DA:72,1
DA:73,1
DA:77,1
DA:84,6
DA:85,6
DA:86,6
DA:87,6
DA:90,6
DA:91,1
DA:92,1
DA:93,1
DA:94,1
DA:96,5
DA:97,1
DA:98,1
DA:99,1
DA:100,1
DA:103,4
DA:105,4
DA:106,1
DA:107,1
DA:108,1
DA:109,1
DA:110,1
DA:111,3
DA:112,1
DA:113,1
DA:114,1
DA:115,1
DA:116,1
DA:118,2
DA:119,2
DA:123,1
DA:130,3
DA:131,3
DA:132,3
DA:133,3
DA:134,0
DA:135,0
DA:136,0
DA:137,0
DA:140,3
DA:141,1
DA:142,1
DA:143,1
DA:145,2
DA:146,2
DA:151,1
DA:159,0
DA:162,1
DA:171,0
LF:91
LH:77
BRDA:23,1,0,2
BRDA:23,1,1,2
BRDA:24,2,0,1
BRDA:24,2,1,1
BRDA:30,3,0,1
BRDA:30,3,1,0
BRDA:43,4,0,1
BRDA:43,4,1,1
BRDA:66,5,0,0
BRDA:66,5,1,1
BRDA:90,6,0,1
BRDA:90,6,1,5
BRDA:96,7,0,1
BRDA:96,7,1,4
BRDA:105,8,0,1
BRDA:105,8,1,3
BRDA:111,9,0,1
BRDA:111,9,1,2
BRDA:133,10,0,0
BRDA:133,10,1,3
BRDA:140,11,0,1
BRDA:140,11,1,2
BRF:22
BRH:19
end_of_record
