TN:
SF:/Users/bollain/Documents/CPSC 410/inukshuk/server/index.js
FN:29,(anonymous_1)
FN:43,(anonymous_2)
FNF:2
FNH:2
FNDA:1,(anonymous_1)
FNDA:1,(anonymous_2)
DA:3,1
DA:4,1
DA:5,1
DA:6,1
DA:7,1
DA:8,1
DA:9,1
DA:10,1
DA:11,1
DA:13,1
DA:14,1
DA:15,1
DA:18,1
DA:25,1
DA:26,1
DA:29,1
DA:31,1
DA:34,1
DA:37,1
DA:40,1
DA:43,1
DA:44,1
DA:45,1
DA:49,1
LF:24
LH:24
BRF:0
BRH:0
end_of_record
TN:
SF:/Users/bollain/Documents/CPSC 410/inukshuk/server/models/User.js
FN:17,(anonymous_1)
FN:21,(anonymous_2)
FN:48,(anonymous_3)
FN:55,(anonymous_4)
FNF:4
FNH:3
FNDA:12,(anonymous_1)
FNDA:12,(anonymous_2)
FNDA:0,(anonymous_3)
FNDA:10,(anonymous_4)
DA:1,1
DA:2,1
DA:3,1
DA:4,1
DA:5,1
DA:6,1
DA:8,1
DA:13,1
DA:15,1
DA:17,1
DA:18,12
DA:21,1
DA:22,12
DA:25,1
DA:48,1
DA:49,0
DA:50,0
DA:55,1
DA:57,10
DA:60,10
DA:63,10
DA:64,10
DA:67,10
DA:70,1
DA:71,1
DA:72,1
DA:73,1
LF:27
LH:25
BRDA:63,1,0,10
BRDA:63,1,1,0
BRF:2
BRH:1
end_of_record
TN:
SF:/Users/bollain/Documents/CPSC 410/inukshuk/server/controllers/AlertService.js
FN:17,(anonymous_1)
FN:28,(anonymous_2)
FN:33,(anonymous_3)
FN:42,(anonymous_4)
FN:58,(anonymous_5)
FN:72,(anonymous_6)
FN:77,(anonymous_7)
FN:101,(anonymous_8)
FN:110,(anonymous_9)
FN:115,(anonymous_10)
FN:121,(anonymous_11)
FNF:11
FNH:0
FNDA:0,(anonymous_1)
FNDA:0,(anonymous_2)
FNDA:0,(anonymous_3)
FNDA:0,(anonymous_4)
FNDA:0,(anonymous_5)
FNDA:0,(anonymous_6)
FNDA:0,(anonymous_7)
FNDA:0,(anonymous_8)
FNDA:0,(anonymous_9)
FNDA:0,(anonymous_10)
FNDA:0,(anonymous_11)
DA:3,1
DA:4,1
DA:5,1
DA:6,1
DA:8,1
DA:17,1
DA:18,0
DA:22,0
DA:24,0
DA:25,0
DA:28,1
DA:30,0
DA:32,0
DA:33,0
DA:34,0
DA:35,0
DA:37,0
DA:38,0
DA:42,1
DA:43,0
DA:57,0
DA:58,0
DA:59,0
DA:60,0
DA:61,0
DA:62,0
DA:64,0
DA:67,0
DA:68,0
DA:72,1
DA:73,0
DA:74,0
DA:77,1
DA:79,0
DA:93,0
DA:94,0
DA:95,0
DA:97,0
DA:101,1
DA:102,0
DA:104,0
DA:105,0
DA:106,0
DA:110,1
DA:111,0
DA:112,0
DA:115,1
DA:116,0
DA:118,0
DA:121,1
DA:123,0
DA:137,0
DA:138,0
DA:139,0
DA:141,0
LF:55
LH:14
BRDA:37,1,0,0
BRDA:37,1,1,0
BRDA:61,2,0,0
BRDA:61,2,1,0
BRDA:67,3,0,0
BRDA:67,3,1,0
BRDA:94,4,0,0
BRDA:94,4,1,0
BRDA:104,5,0,0
BRDA:104,5,1,0
BRDA:138,6,0,0
BRDA:138,6,1,0
BRF:12
BRH:0
end_of_record
TN:
SF:/Users/bollain/Documents/CPSC 410/inukshuk/server/utils/twilioClient.js
FN:4,(anonymous_1)
FN:9,(anonymous_2)
FNF:2
FNH:0
FNDA:0,(anonymous_1)
FNDA:0,(anonymous_2)
DA:1,1
DA:2,1
DA:4,1
DA:5,0
DA:10,0
DA:11,0
DA:12,0
DA:14,0
LF:8
LH:3
BRDA:10,1,0,0
BRDA:10,1,1,0
BRF:2
BRH:0
end_of_record
TN:
SF:/Users/bollain/Documents/CPSC 410/inukshuk/server/controllers/Trips.js
FN:5,createTrip
FN:9,deleteTrip
FN:13,getTrip
FN:17,updateTrip
FNF:4
FNH:0
FNDA:0,createTrip
FNDA:0,deleteTrip
FNDA:0,getTrip
FNDA:0,updateTrip
DA:3,1
DA:5,1
DA:6,0
DA:9,1
DA:10,0
DA:13,1
DA:14,0
DA:17,1
DA:18,0
LF:9
LH:5
BRF:0
BRH:0
end_of_record
TN:
SF:/Users/bollain/Documents/CPSC 410/inukshuk/server/controllers/TripsService.js
FN:13,(anonymous_1)
FN:28,(anonymous_2)
FN:37,(anonymous_3)
FN:43,(anonymous_4)
FN:59,(anonymous_5)
FN:68,(anonymous_6)
FN:78,(anonymous_7)
FN:86,(anonymous_8)
FN:99,(anonymous_9)
FN:107,(anonymous_10)
FN:126,(anonymous_11)
FN:134,(anonymous_12)
FN:151,(anonymous_13)
FN:177,(anonymous_14)
FN:181,(anonymous_15)
FN:187,(anonymous_16)
FN:193,(anonymous_17)
FN:198,(anonymous_18)
FN:208,(anonymous_19)
FN:213,(anonymous_20)
FN:219,(anonymous_21)
FN:225,(anonymous_22)
FN:230,(anonymous_23)
FN:247,(anonymous_24)
FNF:24
FNH:0
FNDA:0,(anonymous_1)
FNDA:0,(anonymous_2)
FNDA:0,(anonymous_3)
FNDA:0,(anonymous_4)
FNDA:0,(anonymous_5)
FNDA:0,(anonymous_6)
FNDA:0,(anonymous_7)
FNDA:0,(anonymous_8)
FNDA:0,(anonymous_9)
FNDA:0,(anonymous_10)
FNDA:0,(anonymous_11)
FNDA:0,(anonymous_12)
FNDA:0,(anonymous_13)
FNDA:0,(anonymous_14)
FNDA:0,(anonymous_15)
FNDA:0,(anonymous_16)
FNDA:0,(anonymous_17)
FNDA:0,(anonymous_18)
FNDA:0,(anonymous_19)
FNDA:0,(anonymous_20)
FNDA:0,(anonymous_21)
FNDA:0,(anonymous_22)
FNDA:0,(anonymous_23)
FNDA:0,(anonymous_24)
DA:3,1
DA:4,1
DA:5,1
DA:13,1
DA:14,0
DA:15,0
DA:16,0
DA:28,0
DA:29,0
DA:30,0
DA:32,0
DA:33,0
DA:34,0
DA:35,0
DA:37,0
DA:38,0
DA:39,0
DA:40,0
DA:42,0
DA:43,0
DA:44,0
DA:45,0
DA:49,0
DA:50,0
DA:51,0
DA:52,0
DA:53,0
DA:59,1
DA:67,0
DA:68,0
DA:69,0
DA:70,0
DA:72,0
DA:73,0
DA:74,0
DA:75,0
DA:78,0
DA:79,0
DA:80,0
DA:82,0
DA:83,0
DA:86,0
DA:87,0
DA:88,0
DA:91,0
DA:92,0
DA:93,0
DA:99,1
DA:106,0
DA:107,0
DA:108,0
DA:109,0
DA:110,0
DA:111,0
DA:112,0
DA:115,0
DA:116,0
DA:117,0
DA:118,0
DA:120,0
DA:121,0
DA:126,1
DA:133,0
DA:134,0
DA:135,0
DA:136,0
DA:137,0
DA:139,0
DA:140,0
DA:141,0
DA:142,0
DA:144,0
DA:145,0
DA:146,0
DA:147,0
DA:148,0
DA:149,0
DA:151,0
DA:152,0
DA:153,0
DA:154,0
DA:158,0
DA:159,0
DA:160,0
DA:161,0
DA:164,0
DA:165,0
DA:166,0
DA:169,0
DA:170,0
DA:171,0
DA:177,1
DA:178,0
DA:181,1
DA:182,0
DA:183,0
DA:187,1
DA:188,0
DA:193,1
DA:194,0
DA:198,1
DA:200,0
DA:202,0
DA:204,0
DA:208,1
DA:209,0
DA:213,1
DA:215,0
DA:216,0
DA:219,1
DA:220,0
DA:221,0
DA:225,1
DA:226,0
DA:227,0
DA:230,1
DA:231,0
DA:232,0
DA:234,0
DA:235,0
DA:237,0
DA:238,0
DA:240,0
DA:242,0
DA:243,0
DA:244,0
DA:247,1
DA:248,0
DA:249,0
LF:129
LH:18
BRDA:29,1,0,0
BRDA:29,1,1,0
BRDA:32,2,0,0
BRDA:32,2,1,0
BRDA:38,3,0,0
BRDA:38,3,1,0
BRDA:44,4,0,0
BRDA:44,4,1,0
BRDA:69,5,0,0
BRDA:69,5,1,0
BRDA:72,6,0,0
BRDA:72,6,1,0
BRDA:79,7,0,0
BRDA:79,7,1,0
BRDA:87,8,0,0
BRDA:87,8,1,0
BRDA:108,9,0,0
BRDA:108,9,1,0
BRDA:115,10,0,0
BRDA:115,10,1,0
BRDA:135,11,0,0
BRDA:135,11,1,0
BRDA:139,12,0,0
BRDA:139,12,1,0
BRDA:144,13,0,0
BRDA:144,13,1,0
BRDA:145,14,0,0
BRDA:145,14,1,0
BRDA:146,15,0,0
BRDA:146,15,1,0
BRDA:147,16,0,0
BRDA:147,16,1,0
BRDA:148,17,0,0
BRDA:148,17,1,0
BRDA:149,18,0,0
BRDA:149,18,1,0
BRDA:152,19,0,0
BRDA:152,19,1,0
BRDA:158,20,0,0
BRDA:158,20,1,0
BRDA:164,21,0,0
BRDA:164,21,1,0
BRDA:232,22,0,0
BRDA:232,22,1,0
BRDA:235,23,0,0
BRDA:235,23,1,0
BRDA:238,24,0,0
BRDA:238,24,1,0
BRF:48
BRH:0
end_of_record
TN:
SF:/Users/bollain/Documents/CPSC 410/inukshuk/server/models/Trip.js
FN:17,(anonymous_1)
FN:42,(anonymous_2)
FNF:2
FNH:0
FNDA:0,(anonymous_1)
FNDA:0,(anonymous_2)
DA:1,1
DA:2,1
DA:3,1
DA:4,1
DA:5,1
DA:6,1
DA:8,1
DA:13,1
DA:15,1
DA:17,1
DA:18,0
DA:21,1
DA:42,1
DA:44,0
DA:47,0
DA:50,0
DA:51,0
DA:53,0
DA:56,1
DA:57,1
DA:58,1
DA:59,1
LF:22
LH:16
BRDA:50,1,0,0
BRDA:50,1,1,0
BRF:2
BRH:0
end_of_record
TN:
SF:/Users/bollain/Documents/CPSC 410/inukshuk/server/controllers/Users.js
FN:5,createUser
FN:9,deleteUser
FN:13,getUser
FN:17,getUserTrips
FN:21,searchTrip
FN:25,updateUser
FNF:6
FNH:4
FNDA:4,createUser
FNDA:1,deleteUser
FNDA:2,getUser
FNDA:0,getUserTrips
FNDA:0,searchTrip
FNDA:6,updateUser
DA:3,1
DA:5,1
DA:6,4
DA:9,1
DA:10,1
DA:13,1
DA:14,2
DA:17,1
DA:18,0
DA:21,1
DA:22,0
DA:25,1
DA:26,6
LF:13
LH:11
BRF:0
BRH:0
end_of_record
TN:
SF:/Users/bollain/Documents/CPSC 410/inukshuk/server/controllers/UsersService.js
FN:7,(anonymous_1)
FN:22,(anonymous_2)
FN:64,(anonymous_3)
FN:73,(anonymous_4)
FN:85,(anonymous_5)
FN:112,(anonymous_6)
FN:131,(anonymous_7)
FN:140,(anonymous_8)
FN:159,(anonymous_9)
FN:190,(anonymous_10)
FNF:10
FNH:8
FNDA:4,(anonymous_1)
FNDA:4,(anonymous_2)
FNDA:1,(anonymous_3)
FNDA:1,(anonymous_4)
FNDA:6,(anonymous_5)
FNDA:4,(anonymous_6)
FNDA:2,(anonymous_7)
FNDA:2,(anonymous_8)
FNDA:0,(anonymous_9)
FNDA:0,(anonymous_10)
DA:3,1
DA:4,1
DA:5,1
DA:7,1
DA:14,4
DA:15,4
DA:21,4
DA:23,4
DA:24,2
DA:26,0
DA:27,0
DA:28,0
DA:29,0
DA:30,0
DA:32,2
DA:33,1
DA:34,1
DA:35,1
DA:36,1
DA:37,1
DA:38,1
DA:39,1
DA:40,1
DA:41,1
DA:42,1
DA:43,1
DA:45,0
DA:46,0
DA:47,0
DA:48,0
DA:51,2
DA:52,1
DA:53,1
DA:54,1
DA:56,1
DA:57,1
DA:58,1
DA:59,1
DA:64,1
DA:72,1
DA:73,1
DA:74,1
DA:75,0
DA:76,0
DA:77,0
DA:78,0
DA:80,1
DA:81,1
DA:85,1
DA:92,6
DA:93,6
DA:94,6
DA:95,6
DA:98,6
DA:99,1
DA:100,1
DA:101,1
DA:102,1
DA:104,5
DA:105,1
DA:106,1
DA:107,1
DA:108,1
DA:111,4
DA:113,4
DA:114,1
DA:115,1
DA:116,1
DA:117,1
DA:118,1
DA:119,3
DA:120,1
DA:121,1
DA:122,1
DA:123,1
DA:124,1
DA:126,2
DA:127,2
DA:131,1
DA:138,2
DA:139,2
DA:140,2
DA:141,2
DA:142,0
DA:143,0
DA:144,0
DA:145,0
DA:148,2
DA:149,0
DA:150,0
DA:151,0
DA:153,2
DA:154,2
DA:159,1
DA:166,0
DA:167,0
DA:182,0
DA:183,0
DA:184,0
DA:186,0
DA:190,1
DA:198,0
DA:199,0
DA:211,0
DA:212,0
DA:213,0
DA:215,0
LF:107
LH:75
BRDA:23,1,0,2
BRDA:23,1,1,2
BRDA:24,2,0,0
BRDA:24,2,1,2
BRDA:32,3,0,1
BRDA:32,3,1,1
BRDA:38,4,0,1
BRDA:38,4,1,0
BRDA:51,5,0,1
BRDA:51,5,1,1
BRDA:74,6,0,0
BRDA:74,6,1,1
BRDA:98,7,0,1
BRDA:98,7,1,5
BRDA:104,8,0,1
BRDA:104,8,1,4
BRDA:113,9,0,1
BRDA:113,9,1,3
BRDA:119,10,0,1
BRDA:119,10,1,2
BRDA:141,11,0,0
BRDA:141,11,1,2
BRDA:148,12,0,0
BRDA:148,12,1,2
BRDA:182,13,0,0
BRDA:182,13,1,0
BRDA:184,14,0,0
BRDA:184,14,1,0
BRDA:211,15,0,0
BRDA:211,15,1,0
BRDA:213,16,0,0
BRDA:213,16,1,0
BRF:32
BRH:19
end_of_record
